TRACE::2024-09-18.02:05:07::SCWPlatform::Trying to open the hw design at E:/FPGA/github/FPGA/2_Microblaze_HelloWorld/vitis/design_1_wrapper/hw/design_1_wrapper.xsa
TRACE::2024-09-18.02:05:07::SCWPlatform::DSA given E:/FPGA/github/FPGA/2_Microblaze_HelloWorld/vitis/design_1_wrapper/hw/design_1_wrapper.xsa
TRACE::2024-09-18.02:05:07::SCWPlatform::DSA absoulate path E:/FPGA/github/FPGA/2_Microblaze_HelloWorld/vitis/design_1_wrapper/hw/design_1_wrapper.xsa
TRACE::2024-09-18.02:05:07::SCWPlatform::DSA directory E:/FPGA/github/FPGA/2_Microblaze_HelloWorld/vitis/design_1_wrapper/hw
TRACE::2024-09-18.02:05:07::SCWPlatform:: Platform Path E:/FPGA/github/FPGA/2_Microblaze_HelloWorld/vitis/design_1_wrapper/hw/design_1_wrapper.xsa
TRACE::2024-09-18.02:05:07::SCWPlatform:: Unique name xilinx:arty-a7-100::0.0
TRACE::2024-09-18.02:05:07::SCWPlatform::Do not have an existing db opened. 
TRACE::2024-09-18.02:05:07::SCWPlatform::Opened new HwDB with name design_1_wrapper_0
TRACE::2024-09-18.02:05:07::SCWWriter::formatted JSON is {
	"platformName":	"design_1_wrapper",
	"sprVersion":	"2.0",
	"mode":	"gui",
	"dsaType":	"Fixed",
	"platformDesc":	"design_1_wrapper",
	"platHandOff":	"E:/FPGA/github/FPGA/2_Microblaze_HelloWorld/design_1_wrapper.xsa",
	"platIntHandOff":	"<platformDir>/hw/design_1_wrapper.xsa",
	"deviceType":	"FPGA",
	"platIsPrebuiltAutogen":	"false",
	"platIsNoBootBsp":	"false",
	"hasFsblMakeHasChanges":	"false",
	"hasPmufwMakeHasChanges":	"false",
	"platPreBuiltFlag":	false,
	"platformSamplesDir":	""
}
TRACE::2024-09-18.02:05:07::SCWWriter::formatted JSON is {
	"platformName":	"design_1_wrapper",
	"sprVersion":	"2.0",
	"mode":	"gui",
	"dsaType":	"Fixed",
	"platformDesc":	"design_1_wrapper",
	"platHandOff":	"E:/FPGA/github/FPGA/2_Microblaze_HelloWorld/design_1_wrapper.xsa",
	"platIntHandOff":	"<platformDir>/hw/design_1_wrapper.xsa",
	"deviceType":	"FPGA",
	"platIsPrebuiltAutogen":	"false",
	"platIsNoBootBsp":	"false",
	"hasFsblMakeHasChanges":	"false",
	"hasPmufwMakeHasChanges":	"false",
	"platPreBuiltFlag":	false,
	"platformSamplesDir":	"",
	"platActiveSys":	"design_1_wrapper",
	"systems":	[{
			"systemName":	"design_1_wrapper",
			"systemDesc":	"design_1_wrapper",
			"sysIsBootAutoGen":	"true",
			"systemDispName":	"design_1_wrapper"
		}]
}
TRACE::2024-09-18.02:05:07::SCWPlatform::Boot application domains not present, creating them
TRACE::2024-09-18.02:05:07::SCWPlatform::Pure FPGA device, no boot application will be created.
TRACE::2024-09-18.02:05:07::SCWWriter::formatted JSON is {
	"platformName":	"design_1_wrapper",
	"sprVersion":	"2.0",
	"mode":	"gui",
	"dsaType":	"Fixed",
	"platformDesc":	"design_1_wrapper",
	"platHandOff":	"E:/FPGA/github/FPGA/2_Microblaze_HelloWorld/design_1_wrapper.xsa",
	"platIntHandOff":	"<platformDir>/hw/design_1_wrapper.xsa",
	"deviceType":	"FPGA",
	"platIsPrebuiltAutogen":	"false",
	"platIsNoBootBsp":	"false",
	"hasFsblMakeHasChanges":	"false",
	"hasPmufwMakeHasChanges":	"false",
	"platPreBuiltFlag":	false,
	"platformSamplesDir":	"",
	"platActiveSys":	"design_1_wrapper",
	"systems":	[{
			"systemName":	"design_1_wrapper",
			"systemDesc":	"design_1_wrapper",
			"sysIsBootAutoGen":	"true",
			"systemDispName":	"design_1_wrapper"
		}]
}
TRACE::2024-09-18.02:05:07::SCWWriter::formatted JSON is {
	"platformName":	"design_1_wrapper",
	"sprVersion":	"2.0",
	"mode":	"gui",
	"dsaType":	"Fixed",
	"platformDesc":	"design_1_wrapper",
	"platHandOff":	"E:/FPGA/github/FPGA/2_Microblaze_HelloWorld/design_1_wrapper.xsa",
	"platIntHandOff":	"<platformDir>/hw/design_1_wrapper.xsa",
	"deviceType":	"FPGA",
	"platIsPrebuiltAutogen":	"false",
	"platIsNoBootBsp":	"false",
	"hasFsblMakeHasChanges":	"false",
	"hasPmufwMakeHasChanges":	"false",
	"platPreBuiltFlag":	false,
	"platformSamplesDir":	"",
	"platActiveSys":	"design_1_wrapper",
	"systems":	[{
			"systemName":	"design_1_wrapper",
			"systemDesc":	"design_1_wrapper",
			"sysIsBootAutoGen":	"true",
			"systemDispName":	"design_1_wrapper"
		}]
}
TRACE::2024-09-18.02:05:07::SCWPlatform::Trying to open the hw design at E:/FPGA/github/FPGA/2_Microblaze_HelloWorld/vitis/design_1_wrapper/hw/design_1_wrapper.xsa
TRACE::2024-09-18.02:05:07::SCWPlatform::DSA given E:/FPGA/github/FPGA/2_Microblaze_HelloWorld/vitis/design_1_wrapper/hw/design_1_wrapper.xsa
TRACE::2024-09-18.02:05:07::SCWPlatform::DSA absoulate path E:/FPGA/github/FPGA/2_Microblaze_HelloWorld/vitis/design_1_wrapper/hw/design_1_wrapper.xsa
TRACE::2024-09-18.02:05:07::SCWPlatform::DSA directory E:/FPGA/github/FPGA/2_Microblaze_HelloWorld/vitis/design_1_wrapper/hw
TRACE::2024-09-18.02:05:07::SCWPlatform:: Platform Path E:/FPGA/github/FPGA/2_Microblaze_HelloWorld/vitis/design_1_wrapper/hw/design_1_wrapper.xsa
TRACE::2024-09-18.02:05:07::SCWPlatform:: Unique name xilinx:arty-a7-100::0.0
TRACE::2024-09-18.02:05:07::SCWPlatform::Trying to set the existing hwdb with name design_1_wrapper_0
TRACE::2024-09-18.02:05:07::SCWPlatform::Opened existing hwdb design_1_wrapper_0
TRACE::2024-09-18.02:05:07::SCWPlatform::Found the Hw Db part of the input DSA
TRACE::2024-09-18.02:05:07::SCWPlatform::Trying to open the hw design at E:/FPGA/github/FPGA/2_Microblaze_HelloWorld/vitis/design_1_wrapper/hw/design_1_wrapper.xsa
TRACE::2024-09-18.02:05:07::SCWPlatform::DSA given E:/FPGA/github/FPGA/2_Microblaze_HelloWorld/vitis/design_1_wrapper/hw/design_1_wrapper.xsa
TRACE::2024-09-18.02:05:07::SCWPlatform::DSA absoulate path E:/FPGA/github/FPGA/2_Microblaze_HelloWorld/vitis/design_1_wrapper/hw/design_1_wrapper.xsa
TRACE::2024-09-18.02:05:07::SCWPlatform::DSA directory E:/FPGA/github/FPGA/2_Microblaze_HelloWorld/vitis/design_1_wrapper/hw
TRACE::2024-09-18.02:05:07::SCWPlatform:: Platform Path E:/FPGA/github/FPGA/2_Microblaze_HelloWorld/vitis/design_1_wrapper/hw/design_1_wrapper.xsa
TRACE::2024-09-18.02:05:07::SCWPlatform:: Unique name xilinx:arty-a7-100::0.0
TRACE::2024-09-18.02:05:07::SCWPlatform::Trying to set the existing hwdb with name design_1_wrapper_0
TRACE::2024-09-18.02:05:07::SCWPlatform::Opened existing hwdb design_1_wrapper_0
TRACE::2024-09-18.02:05:07::SCWPlatform::Found the Hw Db part of the input DSA
TRACE::2024-09-18.02:05:07::SCWDomain::checking for install qemu data   : 
TRACE::2024-09-18.02:05:07::SCWPlatform::Trying to open the hw design at E:/FPGA/github/FPGA/2_Microblaze_HelloWorld/vitis/design_1_wrapper/hw/design_1_wrapper.xsa
TRACE::2024-09-18.02:05:07::SCWPlatform::DSA given E:/FPGA/github/FPGA/2_Microblaze_HelloWorld/vitis/design_1_wrapper/hw/design_1_wrapper.xsa
TRACE::2024-09-18.02:05:07::SCWPlatform::DSA absoulate path E:/FPGA/github/FPGA/2_Microblaze_HelloWorld/vitis/design_1_wrapper/hw/design_1_wrapper.xsa
TRACE::2024-09-18.02:05:07::SCWPlatform::DSA directory E:/FPGA/github/FPGA/2_Microblaze_HelloWorld/vitis/design_1_wrapper/hw
TRACE::2024-09-18.02:05:07::SCWPlatform:: Platform Path E:/FPGA/github/FPGA/2_Microblaze_HelloWorld/vitis/design_1_wrapper/hw/design_1_wrapper.xsa
TRACE::2024-09-18.02:05:07::SCWPlatform:: Unique name xilinx:arty-a7-100::0.0
TRACE::2024-09-18.02:05:07::SCWPlatform::Trying to set the existing hwdb with name design_1_wrapper_0
TRACE::2024-09-18.02:05:07::SCWPlatform::Opened existing hwdb design_1_wrapper_0
TRACE::2024-09-18.02:05:07::SCWPlatform::Found the Hw Db part of the input DSA
TRACE::2024-09-18.02:05:07::SCWPlatform::Trying to open the hw design at E:/FPGA/github/FPGA/2_Microblaze_HelloWorld/vitis/design_1_wrapper/hw/design_1_wrapper.xsa
TRACE::2024-09-18.02:05:07::SCWPlatform::DSA given E:/FPGA/github/FPGA/2_Microblaze_HelloWorld/vitis/design_1_wrapper/hw/design_1_wrapper.xsa
TRACE::2024-09-18.02:05:07::SCWPlatform::DSA absoulate path E:/FPGA/github/FPGA/2_Microblaze_HelloWorld/vitis/design_1_wrapper/hw/design_1_wrapper.xsa
TRACE::2024-09-18.02:05:07::SCWPlatform::DSA directory E:/FPGA/github/FPGA/2_Microblaze_HelloWorld/vitis/design_1_wrapper/hw
TRACE::2024-09-18.02:05:07::SCWPlatform:: Platform Path E:/FPGA/github/FPGA/2_Microblaze_HelloWorld/vitis/design_1_wrapper/hw/design_1_wrapper.xsa
TRACE::2024-09-18.02:05:07::SCWPlatform:: Unique name xilinx:arty-a7-100::0.0
TRACE::2024-09-18.02:05:07::SCWPlatform::Trying to set the existing hwdb with name design_1_wrapper_0
TRACE::2024-09-18.02:05:07::SCWPlatform::Opened existing hwdb design_1_wrapper_0
TRACE::2024-09-18.02:05:07::SCWPlatform::Found the Hw Db part of the input DSA
TRACE::2024-09-18.02:05:07::SCWPlatform::Trying to open the hw design at E:/FPGA/github/FPGA/2_Microblaze_HelloWorld/vitis/design_1_wrapper/hw/design_1_wrapper.xsa
TRACE::2024-09-18.02:05:07::SCWPlatform::DSA given E:/FPGA/github/FPGA/2_Microblaze_HelloWorld/vitis/design_1_wrapper/hw/design_1_wrapper.xsa
TRACE::2024-09-18.02:05:07::SCWPlatform::DSA absoulate path E:/FPGA/github/FPGA/2_Microblaze_HelloWorld/vitis/design_1_wrapper/hw/design_1_wrapper.xsa
TRACE::2024-09-18.02:05:07::SCWPlatform::DSA directory E:/FPGA/github/FPGA/2_Microblaze_HelloWorld/vitis/design_1_wrapper/hw
TRACE::2024-09-18.02:05:07::SCWPlatform:: Platform Path E:/FPGA/github/FPGA/2_Microblaze_HelloWorld/vitis/design_1_wrapper/hw/design_1_wrapper.xsa
TRACE::2024-09-18.02:05:07::SCWPlatform:: Unique name xilinx:arty-a7-100::0.0
TRACE::2024-09-18.02:05:07::SCWPlatform::Trying to set the existing hwdb with name design_1_wrapper_0
TRACE::2024-09-18.02:05:07::SCWPlatform::Opened existing hwdb design_1_wrapper_0
TRACE::2024-09-18.02:05:07::SCWPlatform::Found the Hw Db part of the input DSA
TRACE::2024-09-18.02:05:07::SCWMssOS::Checking the sw design at  E:/FPGA/github/FPGA/2_Microblaze_HelloWorld/vitis/design_1_wrapper/microblaze_0/standalone_microblaze_0/bsp/system.mss
TRACE::2024-09-18.02:05:07::SCWMssOS::DEBUG:  swdes dump  
TRACE::2024-09-18.02:05:07::SCWMssOS::No sw design opened at  E:/FPGA/github/FPGA/2_Microblaze_HelloWorld/vitis/design_1_wrapper/microblaze_0/standalone_microblaze_0/bsp/system.mss
TRACE::2024-09-18.02:05:07::SCWMssOS::mss does not exists at E:/FPGA/github/FPGA/2_Microblaze_HelloWorld/vitis/design_1_wrapper/microblaze_0/standalone_microblaze_0/bsp/system.mss
TRACE::2024-09-18.02:05:07::SCWMssOS::Creating sw design at  E:/FPGA/github/FPGA/2_Microblaze_HelloWorld/vitis/design_1_wrapper/microblaze_0/standalone_microblaze_0/bsp/system.mss
TRACE::2024-09-18.02:05:07::SCWMssOS::Adding the swdes entry, created swdb E:/FPGA/github/FPGA/2_Microblaze_HelloWorld/vitis/design_1_wrapper/microblaze_0/standalone_microblaze_0/bsp/system.mss with des name E:/FPGA/github/FPGA/2_Microblaze_HelloWorld/vitis/design_1_wrapper/microblaze_0/standalone_microblaze_0/bsp/system.mss
TRACE::2024-09-18.02:05:07::SCWMssOS::updating the scw layer changes to swdes at   E:/FPGA/github/FPGA/2_Microblaze_HelloWorld/vitis/design_1_wrapper/microblaze_0/standalone_microblaze_0/bsp/system.mss
TRACE::2024-09-18.02:05:07::SCWMssOS::Writing mss at E:/FPGA/github/FPGA/2_Microblaze_HelloWorld/vitis/design_1_wrapper/microblaze_0/standalone_microblaze_0/bsp/system.mss
TRACE::2024-09-18.02:05:07::SCWMssOS::Completed writing the mss file at E:/FPGA/github/FPGA/2_Microblaze_HelloWorld/vitis/design_1_wrapper/microblaze_0/standalone_microblaze_0/bsp
TRACE::2024-09-18.02:05:07::SCWMssOS::Picking up changes from newly written mss file into SCW Layer. 
TRACE::2024-09-18.02:05:07::SCWMssOS::Updated the changes from newly written mss file into SCW Layer. 
TRACE::2024-09-18.02:05:07::SCWMssOS::Completed writing the mss file at E:/FPGA/github/FPGA/2_Microblaze_HelloWorld/vitis/design_1_wrapper/microblaze_0/standalone_microblaze_0/bsp
TRACE::2024-09-18.02:05:07::SCWMssOS::Forcing BSP Sources regeneration.
TRACE::2024-09-18.02:05:10::SCWMssOS::Saving the mss changes E:/FPGA/github/FPGA/2_Microblaze_HelloWorld/vitis/design_1_wrapper/microblaze_0/standalone_microblaze_0/bsp/system.mss
TRACE::2024-09-18.02:05:10::SCWMssOS::Adding the swdes entry, mss present, able to open swdb E:/FPGA/github/FPGA/2_Microblaze_HelloWorld/vitis/design_1_wrapper/microblaze_0/standalone_microblaze_0/bsp/system.mss with des name system
TRACE::2024-09-18.02:05:10::SCWMssOS::Writing the mss file completed E:/FPGA/github/FPGA/2_Microblaze_HelloWorld/vitis/design_1_wrapper/microblaze_0/standalone_microblaze_0/bsp/system.mss
TRACE::2024-09-18.02:05:10::SCWMssOS::Commit changes completed.
TRACE::2024-09-18.02:05:10::SCWPlatform::Trying to open the hw design at E:/FPGA/github/FPGA/2_Microblaze_HelloWorld/vitis/design_1_wrapper/hw/design_1_wrapper.xsa
TRACE::2024-09-18.02:05:10::SCWPlatform::DSA given E:/FPGA/github/FPGA/2_Microblaze_HelloWorld/vitis/design_1_wrapper/hw/design_1_wrapper.xsa
TRACE::2024-09-18.02:05:10::SCWPlatform::DSA absoulate path E:/FPGA/github/FPGA/2_Microblaze_HelloWorld/vitis/design_1_wrapper/hw/design_1_wrapper.xsa
TRACE::2024-09-18.02:05:10::SCWPlatform::DSA directory E:/FPGA/github/FPGA/2_Microblaze_HelloWorld/vitis/design_1_wrapper/hw
TRACE::2024-09-18.02:05:10::SCWPlatform:: Platform Path E:/FPGA/github/FPGA/2_Microblaze_HelloWorld/vitis/design_1_wrapper/hw/design_1_wrapper.xsa
TRACE::2024-09-18.02:05:10::SCWPlatform:: Unique name xilinx:arty-a7-100::0.0
TRACE::2024-09-18.02:05:10::SCWPlatform::Trying to set the existing hwdb with name design_1_wrapper_0
TRACE::2024-09-18.02:05:10::SCWPlatform::Opened existing hwdb design_1_wrapper_0
TRACE::2024-09-18.02:05:10::SCWPlatform::Found the Hw Db part of the input DSA
TRACE::2024-09-18.02:05:10::SCWMssOS::Checking the sw design at  E:/FPGA/github/FPGA/2_Microblaze_HelloWorld/vitis/design_1_wrapper/microblaze_0/standalone_microblaze_0/bsp/system.mss
TRACE::2024-09-18.02:05:10::SCWMssOS::DEBUG:  swdes dump  E:/FPGA/github/FPGA/2_Microblaze_HelloWorld/vitis/design_1_wrapper/microblaze_0/standalone_microblaze_0/bsp/system.mss|system||

TRACE::2024-09-18.02:05:10::SCWMssOS::Sw design exists and opened at  E:/FPGA/github/FPGA/2_Microblaze_HelloWorld/vitis/design_1_wrapper/microblaze_0/standalone_microblaze_0/bsp/system.mss
TRACE::2024-09-18.02:05:10::SCWPlatform::Trying to open the hw design at E:/FPGA/github/FPGA/2_Microblaze_HelloWorld/vitis/design_1_wrapper/hw/design_1_wrapper.xsa
TRACE::2024-09-18.02:05:10::SCWPlatform::DSA given E:/FPGA/github/FPGA/2_Microblaze_HelloWorld/vitis/design_1_wrapper/hw/design_1_wrapper.xsa
TRACE::2024-09-18.02:05:10::SCWPlatform::DSA absoulate path E:/FPGA/github/FPGA/2_Microblaze_HelloWorld/vitis/design_1_wrapper/hw/design_1_wrapper.xsa
TRACE::2024-09-18.02:05:10::SCWPlatform::DSA directory E:/FPGA/github/FPGA/2_Microblaze_HelloWorld/vitis/design_1_wrapper/hw
TRACE::2024-09-18.02:05:10::SCWPlatform:: Platform Path E:/FPGA/github/FPGA/2_Microblaze_HelloWorld/vitis/design_1_wrapper/hw/design_1_wrapper.xsa
TRACE::2024-09-18.02:05:10::SCWPlatform:: Unique name xilinx:arty-a7-100::0.0
TRACE::2024-09-18.02:05:10::SCWPlatform::Trying to set the existing hwdb with name design_1_wrapper_0
TRACE::2024-09-18.02:05:10::SCWPlatform::Opened existing hwdb design_1_wrapper_0
TRACE::2024-09-18.02:05:10::SCWPlatform::Found the Hw Db part of the input DSA
TRACE::2024-09-18.02:05:10::SCWMssOS::Checking the sw design at  E:/FPGA/github/FPGA/2_Microblaze_HelloWorld/vitis/design_1_wrapper/microblaze_0/standalone_microblaze_0/bsp/system.mss
TRACE::2024-09-18.02:05:10::SCWMssOS::DEBUG:  swdes dump  E:/FPGA/github/FPGA/2_Microblaze_HelloWorld/vitis/design_1_wrapper/microblaze_0/standalone_microblaze_0/bsp/system.mss|system||

TRACE::2024-09-18.02:05:10::SCWMssOS::Sw design exists and opened at  E:/FPGA/github/FPGA/2_Microblaze_HelloWorld/vitis/design_1_wrapper/microblaze_0/standalone_microblaze_0/bsp/system.mss
TRACE::2024-09-18.02:05:10::SCWPlatform::Trying to open the hw design at E:/FPGA/github/FPGA/2_Microblaze_HelloWorld/vitis/design_1_wrapper/hw/design_1_wrapper.xsa
TRACE::2024-09-18.02:05:10::SCWPlatform::DSA given E:/FPGA/github/FPGA/2_Microblaze_HelloWorld/vitis/design_1_wrapper/hw/design_1_wrapper.xsa
TRACE::2024-09-18.02:05:10::SCWPlatform::DSA absoulate path E:/FPGA/github/FPGA/2_Microblaze_HelloWorld/vitis/design_1_wrapper/hw/design_1_wrapper.xsa
TRACE::2024-09-18.02:05:10::SCWPlatform::DSA directory E:/FPGA/github/FPGA/2_Microblaze_HelloWorld/vitis/design_1_wrapper/hw
TRACE::2024-09-18.02:05:10::SCWPlatform:: Platform Path E:/FPGA/github/FPGA/2_Microblaze_HelloWorld/vitis/design_1_wrapper/hw/design_1_wrapper.xsa
TRACE::2024-09-18.02:05:10::SCWPlatform:: Unique name xilinx:arty-a7-100::0.0
TRACE::2024-09-18.02:05:10::SCWPlatform::Trying to set the existing hwdb with name design_1_wrapper_0
TRACE::2024-09-18.02:05:10::SCWPlatform::Opened existing hwdb design_1_wrapper_0
TRACE::2024-09-18.02:05:10::SCWPlatform::Found the Hw Db part of the input DSA
TRACE::2024-09-18.02:05:10::SCWMssOS::Checking the sw design at  E:/FPGA/github/FPGA/2_Microblaze_HelloWorld/vitis/design_1_wrapper/microblaze_0/standalone_microblaze_0/bsp/system.mss
TRACE::2024-09-18.02:05:10::SCWMssOS::DEBUG:  swdes dump  E:/FPGA/github/FPGA/2_Microblaze_HelloWorld/vitis/design_1_wrapper/microblaze_0/standalone_microblaze_0/bsp/system.mss|system||

TRACE::2024-09-18.02:05:10::SCWMssOS::Sw design exists and opened at  E:/FPGA/github/FPGA/2_Microblaze_HelloWorld/vitis/design_1_wrapper/microblaze_0/standalone_microblaze_0/bsp/system.mss
TRACE::2024-09-18.02:05:10::SCWWriter::formatted JSON is {
	"platformName":	"design_1_wrapper",
	"sprVersion":	"2.0",
	"mode":	"gui",
	"dsaType":	"Fixed",
	"platformDesc":	"design_1_wrapper",
	"platHandOff":	"E:/FPGA/github/FPGA/2_Microblaze_HelloWorld/design_1_wrapper.xsa",
	"platIntHandOff":	"<platformDir>/hw/design_1_wrapper.xsa",
	"deviceType":	"FPGA",
	"platIsPrebuiltAutogen":	"false",
	"platIsNoBootBsp":	"false",
	"hasFsblMakeHasChanges":	"false",
	"hasPmufwMakeHasChanges":	"false",
	"platPreBuiltFlag":	false,
	"platformSamplesDir":	"",
	"platActiveSys":	"design_1_wrapper",
	"systems":	[{
			"systemName":	"design_1_wrapper",
			"systemDesc":	"design_1_wrapper",
			"sysIsBootAutoGen":	"true",
			"systemDispName":	"design_1_wrapper",
			"sysActiveDom":	"standalone_microblaze_0",
			"sysDefaultDom":	"standalone_microblaze_0",
			"domains":	[{
					"domainName":	"standalone_microblaze_0",
					"domainDispName":	"standalone_microblaze_0",
					"domainDesc":	"standalone_microblaze_0",
					"processors":	"microblaze_0",
					"os":	"standalone",
					"sdxOs":	"standalone",
					"debugEnable":	"False",
					"domRuntimes":	["cpp"],
					"swRepo":	"",
					"mssOsVer":	"7.7",
					"mssFile":	"",
					"md5Digest":	"176be54d9565534856efdda7089aaa80",
					"compatibleApp":	"hello_world",
					"domType":	"mssDomain",
					"arch":	"32-bit",
					"appSettings":	{
						"appCompilerFlags":	"",
						"appLinkerFlags":	""
					},
					"addedLibs":	[],
					"libOptions":	{
						"libsContainingOptions":	[]
					},
					"prebuiltLibs":	{
						"prebuiltIncPath":	[],
						"prebuiltLibPath":	[]
					},
					"isolation":	{
					}
				}]
		}]
}
LOG::2024-09-18.02:05:10::SCWPlatform::Started generating the artifacts platform design_1_wrapper
TRACE::2024-09-18.02:05:10::SCWPlatform::Sanity checking of platform is completed
LOG::2024-09-18.02:05:10::SCWPlatform::Started generating the artifacts for system configuration design_1_wrapper
LOG::2024-09-18.02:05:10::SCWSystem::Checking the domain standalone_microblaze_0
LOG::2024-09-18.02:05:10::SCWSystem::Not a boot domain 
LOG::2024-09-18.02:05:10::SCWSystem::Started Processing the domain standalone_microblaze_0
TRACE::2024-09-18.02:05:10::SCWDomain::Generating domain artifcats
TRACE::2024-09-18.02:05:10::SCWMssOS::Generating standalone artifcats
TRACE::2024-09-18.02:05:10::SCWMssOS:: Copying the user libraries. 
TRACE::2024-09-18.02:05:10::SCWPlatform::Trying to open the hw design at E:/FPGA/github/FPGA/2_Microblaze_HelloWorld/vitis/design_1_wrapper/hw/design_1_wrapper.xsa
TRACE::2024-09-18.02:05:10::SCWPlatform::DSA given E:/FPGA/github/FPGA/2_Microblaze_HelloWorld/vitis/design_1_wrapper/hw/design_1_wrapper.xsa
TRACE::2024-09-18.02:05:10::SCWPlatform::DSA absoulate path E:/FPGA/github/FPGA/2_Microblaze_HelloWorld/vitis/design_1_wrapper/hw/design_1_wrapper.xsa
TRACE::2024-09-18.02:05:10::SCWPlatform::DSA directory E:/FPGA/github/FPGA/2_Microblaze_HelloWorld/vitis/design_1_wrapper/hw
TRACE::2024-09-18.02:05:10::SCWPlatform:: Platform Path E:/FPGA/github/FPGA/2_Microblaze_HelloWorld/vitis/design_1_wrapper/hw/design_1_wrapper.xsa
TRACE::2024-09-18.02:05:10::SCWPlatform:: Unique name xilinx:arty-a7-100::0.0
TRACE::2024-09-18.02:05:10::SCWPlatform::Trying to set the existing hwdb with name design_1_wrapper_0
TRACE::2024-09-18.02:05:10::SCWPlatform::Opened existing hwdb design_1_wrapper_0
TRACE::2024-09-18.02:05:10::SCWPlatform::Found the Hw Db part of the input DSA
TRACE::2024-09-18.02:05:10::SCWMssOS::Checking the sw design at  E:/FPGA/github/FPGA/2_Microblaze_HelloWorld/vitis/design_1_wrapper/microblaze_0/standalone_microblaze_0/bsp/system.mss
TRACE::2024-09-18.02:05:10::SCWMssOS::DEBUG:  swdes dump  E:/FPGA/github/FPGA/2_Microblaze_HelloWorld/vitis/design_1_wrapper/microblaze_0/standalone_microblaze_0/bsp/system.mss|system||

TRACE::2024-09-18.02:05:10::SCWMssOS::Sw design exists and opened at  E:/FPGA/github/FPGA/2_Microblaze_HelloWorld/vitis/design_1_wrapper/microblaze_0/standalone_microblaze_0/bsp/system.mss
TRACE::2024-09-18.02:05:10::SCWMssOS::Completed writing the mss file at E:/FPGA/github/FPGA/2_Microblaze_HelloWorld/vitis/design_1_wrapper/microblaze_0/standalone_microblaze_0/bsp
TRACE::2024-09-18.02:05:10::SCWMssOS::Mss edits present, copying mssfile into export location E:/FPGA/github/FPGA/2_Microblaze_HelloWorld/vitis/design_1_wrapper/microblaze_0/standalone_microblaze_0/bsp/system.mss
TRACE::2024-09-18.02:05:10::SCWMssOS::bsp generated is upto date with the mss file. Skipping bsp generation.
TRACE::2024-09-18.02:05:10::SCWMssOS::BSP is already built. skipping the bsp build ... 
TRACE::2024-09-18.02:05:10::SCWDomain::Skipping the build for domain :  standalone_microblaze_0
TRACE::2024-09-18.02:05:10::SCWMssOS::skipping the bsp build ... 
TRACE::2024-09-18.02:05:10::SCWMssOS::Copying to export directory.
TRACE::2024-09-18.02:05:10::SCWMssOS:: Checking if to create the Supporting Applications
TRACE::2024-09-18.02:05:10::SCWMssOS:: No Linux domain exists, trying to generate FSBL 
LOG::2024-09-18.02:05:10::SCWSystem::Completed Processing the domain standalone_microblaze_0
LOG::2024-09-18.02:05:10::SCWSystem::Completed Processing the sysconfig design_1_wrapper
LOG::2024-09-18.02:05:10::SCWPlatform::Completed generating the artifacts for system configuration design_1_wrapper
TRACE::2024-09-18.02:05:10::SCWPlatform::Started preparing the platform 
TRACE::2024-09-18.02:05:10::SCWSystem::Writing the bif file for system config design_1_wrapper
TRACE::2024-09-18.02:05:10::SCWSystem::dir created 
TRACE::2024-09-18.02:05:10::SCWSystem::Writing the bif 
TRACE::2024-09-18.02:05:10::SCWPlatform::Started writing the spfm file 
TRACE::2024-09-18.02:05:10::SCWPlatform::Started writing the xpfm file 
TRACE::2024-09-18.02:05:10::SCWPlatform::Completed generating the platform
TRACE::2024-09-18.02:05:10::SCWMssOS::Saving the mss changes E:/FPGA/github/FPGA/2_Microblaze_HelloWorld/vitis/design_1_wrapper/microblaze_0/standalone_microblaze_0/bsp/system.mss
TRACE::2024-09-18.02:05:10::SCWMssOS::Found a swdesign opened with the mssfile.
TRACE::2024-09-18.02:05:10::SCWMssOS::Completed writemss as part of save.
TRACE::2024-09-18.02:05:10::SCWMssOS::Commit changes completed.
TRACE::2024-09-18.02:05:10::SCWPlatform::Trying to open the hw design at E:/FPGA/github/FPGA/2_Microblaze_HelloWorld/vitis/design_1_wrapper/hw/design_1_wrapper.xsa
TRACE::2024-09-18.02:05:10::SCWPlatform::DSA given E:/FPGA/github/FPGA/2_Microblaze_HelloWorld/vitis/design_1_wrapper/hw/design_1_wrapper.xsa
TRACE::2024-09-18.02:05:10::SCWPlatform::DSA absoulate path E:/FPGA/github/FPGA/2_Microblaze_HelloWorld/vitis/design_1_wrapper/hw/design_1_wrapper.xsa
TRACE::2024-09-18.02:05:10::SCWPlatform::DSA directory E:/FPGA/github/FPGA/2_Microblaze_HelloWorld/vitis/design_1_wrapper/hw
TRACE::2024-09-18.02:05:10::SCWPlatform:: Platform Path E:/FPGA/github/FPGA/2_Microblaze_HelloWorld/vitis/design_1_wrapper/hw/design_1_wrapper.xsa
TRACE::2024-09-18.02:05:10::SCWPlatform:: Unique name xilinx:arty-a7-100::0.0
TRACE::2024-09-18.02:05:10::SCWPlatform::Trying to set the existing hwdb with name design_1_wrapper_0
TRACE::2024-09-18.02:05:10::SCWPlatform::Opened existing hwdb design_1_wrapper_0
TRACE::2024-09-18.02:05:10::SCWPlatform::Found the Hw Db part of the input DSA
TRACE::2024-09-18.02:05:10::SCWMssOS::Checking the sw design at  E:/FPGA/github/FPGA/2_Microblaze_HelloWorld/vitis/design_1_wrapper/microblaze_0/standalone_microblaze_0/bsp/system.mss
TRACE::2024-09-18.02:05:10::SCWMssOS::DEBUG:  swdes dump  E:/FPGA/github/FPGA/2_Microblaze_HelloWorld/vitis/design_1_wrapper/microblaze_0/standalone_microblaze_0/bsp/system.mss|system||

TRACE::2024-09-18.02:05:10::SCWMssOS::Sw design exists and opened at  E:/FPGA/github/FPGA/2_Microblaze_HelloWorld/vitis/design_1_wrapper/microblaze_0/standalone_microblaze_0/bsp/system.mss
TRACE::2024-09-18.02:05:10::SCWPlatform::Trying to open the hw design at E:/FPGA/github/FPGA/2_Microblaze_HelloWorld/vitis/design_1_wrapper/hw/design_1_wrapper.xsa
TRACE::2024-09-18.02:05:10::SCWPlatform::DSA given E:/FPGA/github/FPGA/2_Microblaze_HelloWorld/vitis/design_1_wrapper/hw/design_1_wrapper.xsa
TRACE::2024-09-18.02:05:10::SCWPlatform::DSA absoulate path E:/FPGA/github/FPGA/2_Microblaze_HelloWorld/vitis/design_1_wrapper/hw/design_1_wrapper.xsa
TRACE::2024-09-18.02:05:10::SCWPlatform::DSA directory E:/FPGA/github/FPGA/2_Microblaze_HelloWorld/vitis/design_1_wrapper/hw
TRACE::2024-09-18.02:05:10::SCWPlatform:: Platform Path E:/FPGA/github/FPGA/2_Microblaze_HelloWorld/vitis/design_1_wrapper/hw/design_1_wrapper.xsa
TRACE::2024-09-18.02:05:10::SCWPlatform:: Unique name xilinx:arty-a7-100::0.0
TRACE::2024-09-18.02:05:10::SCWPlatform::Trying to set the existing hwdb with name design_1_wrapper_0
TRACE::2024-09-18.02:05:10::SCWPlatform::Opened existing hwdb design_1_wrapper_0
TRACE::2024-09-18.02:05:10::SCWPlatform::Found the Hw Db part of the input DSA
TRACE::2024-09-18.02:05:10::SCWMssOS::Checking the sw design at  E:/FPGA/github/FPGA/2_Microblaze_HelloWorld/vitis/design_1_wrapper/microblaze_0/standalone_microblaze_0/bsp/system.mss
TRACE::2024-09-18.02:05:10::SCWMssOS::DEBUG:  swdes dump  E:/FPGA/github/FPGA/2_Microblaze_HelloWorld/vitis/design_1_wrapper/microblaze_0/standalone_microblaze_0/bsp/system.mss|system||

TRACE::2024-09-18.02:05:10::SCWMssOS::Sw design exists and opened at  E:/FPGA/github/FPGA/2_Microblaze_HelloWorld/vitis/design_1_wrapper/microblaze_0/standalone_microblaze_0/bsp/system.mss
TRACE::2024-09-18.02:05:10::SCWPlatform::Trying to open the hw design at E:/FPGA/github/FPGA/2_Microblaze_HelloWorld/vitis/design_1_wrapper/hw/design_1_wrapper.xsa
TRACE::2024-09-18.02:05:10::SCWPlatform::DSA given E:/FPGA/github/FPGA/2_Microblaze_HelloWorld/vitis/design_1_wrapper/hw/design_1_wrapper.xsa
TRACE::2024-09-18.02:05:10::SCWPlatform::DSA absoulate path E:/FPGA/github/FPGA/2_Microblaze_HelloWorld/vitis/design_1_wrapper/hw/design_1_wrapper.xsa
TRACE::2024-09-18.02:05:10::SCWPlatform::DSA directory E:/FPGA/github/FPGA/2_Microblaze_HelloWorld/vitis/design_1_wrapper/hw
TRACE::2024-09-18.02:05:10::SCWPlatform:: Platform Path E:/FPGA/github/FPGA/2_Microblaze_HelloWorld/vitis/design_1_wrapper/hw/design_1_wrapper.xsa
TRACE::2024-09-18.02:05:10::SCWPlatform:: Unique name xilinx:arty-a7-100::0.0
TRACE::2024-09-18.02:05:10::SCWPlatform::Trying to set the existing hwdb with name design_1_wrapper_0
TRACE::2024-09-18.02:05:10::SCWPlatform::Opened existing hwdb design_1_wrapper_0
TRACE::2024-09-18.02:05:10::SCWPlatform::Found the Hw Db part of the input DSA
TRACE::2024-09-18.02:05:10::SCWMssOS::Checking the sw design at  E:/FPGA/github/FPGA/2_Microblaze_HelloWorld/vitis/design_1_wrapper/microblaze_0/standalone_microblaze_0/bsp/system.mss
TRACE::2024-09-18.02:05:10::SCWMssOS::DEBUG:  swdes dump  E:/FPGA/github/FPGA/2_Microblaze_HelloWorld/vitis/design_1_wrapper/microblaze_0/standalone_microblaze_0/bsp/system.mss|system||

TRACE::2024-09-18.02:05:10::SCWMssOS::Sw design exists and opened at  E:/FPGA/github/FPGA/2_Microblaze_HelloWorld/vitis/design_1_wrapper/microblaze_0/standalone_microblaze_0/bsp/system.mss
TRACE::2024-09-18.02:05:10::SCWWriter::formatted JSON is {
	"platformName":	"design_1_wrapper",
	"sprVersion":	"2.0",
	"mode":	"gui",
	"dsaType":	"Fixed",
	"platformDesc":	"design_1_wrapper",
	"platHandOff":	"E:/FPGA/github/FPGA/2_Microblaze_HelloWorld/design_1_wrapper.xsa",
	"platIntHandOff":	"<platformDir>/hw/design_1_wrapper.xsa",
	"deviceType":	"FPGA",
	"platIsPrebuiltAutogen":	"false",
	"platIsNoBootBsp":	"false",
	"hasFsblMakeHasChanges":	"false",
	"hasPmufwMakeHasChanges":	"false",
	"platPreBuiltFlag":	false,
	"platformSamplesDir":	"",
	"platActiveSys":	"design_1_wrapper",
	"systems":	[{
			"systemName":	"design_1_wrapper",
			"systemDesc":	"design_1_wrapper",
			"sysIsBootAutoGen":	"true",
			"systemDispName":	"design_1_wrapper",
			"sysActiveDom":	"standalone_microblaze_0",
			"sysDefaultDom":	"standalone_microblaze_0",
			"domains":	[{
					"domainName":	"standalone_microblaze_0",
					"domainDispName":	"standalone_microblaze_0",
					"domainDesc":	"standalone_microblaze_0",
					"processors":	"microblaze_0",
					"os":	"standalone",
					"sdxOs":	"standalone",
					"debugEnable":	"False",
					"domRuntimes":	["cpp"],
					"swRepo":	"",
					"mssOsVer":	"7.7",
					"mssFile":	"",
					"md5Digest":	"176be54d9565534856efdda7089aaa80",
					"compatibleApp":	"hello_world",
					"domType":	"mssDomain",
					"arch":	"32-bit",
					"appSettings":	{
						"appCompilerFlags":	"",
						"appLinkerFlags":	""
					},
					"addedLibs":	[],
					"libOptions":	{
						"libsContainingOptions":	[]
					},
					"prebuiltLibs":	{
						"prebuiltIncPath":	[],
						"prebuiltLibPath":	[]
					},
					"isolation":	{
					}
				}]
		}]
}
KEYINFO::2024-09-18.02:05:10::SCWPlatform::updated the xpfm file.
TRACE::2024-09-18.02:05:10::SCWPlatform::Trying to open the hw design at E:/FPGA/github/FPGA/2_Microblaze_HelloWorld/vitis/design_1_wrapper/hw/design_1_wrapper.xsa
TRACE::2024-09-18.02:05:10::SCWPlatform::DSA given E:/FPGA/github/FPGA/2_Microblaze_HelloWorld/vitis/design_1_wrapper/hw/design_1_wrapper.xsa
TRACE::2024-09-18.02:05:10::SCWPlatform::DSA absoulate path E:/FPGA/github/FPGA/2_Microblaze_HelloWorld/vitis/design_1_wrapper/hw/design_1_wrapper.xsa
TRACE::2024-09-18.02:05:10::SCWPlatform::DSA directory E:/FPGA/github/FPGA/2_Microblaze_HelloWorld/vitis/design_1_wrapper/hw
TRACE::2024-09-18.02:05:10::SCWPlatform:: Platform Path E:/FPGA/github/FPGA/2_Microblaze_HelloWorld/vitis/design_1_wrapper/hw/design_1_wrapper.xsa
TRACE::2024-09-18.02:05:10::SCWPlatform:: Unique name xilinx:arty-a7-100::0.0
TRACE::2024-09-18.02:05:10::SCWPlatform::Trying to set the existing hwdb with name design_1_wrapper_0
TRACE::2024-09-18.02:05:10::SCWPlatform::Opened existing hwdb design_1_wrapper_0
TRACE::2024-09-18.02:05:10::SCWPlatform::Found the Hw Db part of the input DSA
TRACE::2024-09-18.02:05:10::SCWMssOS::Checking the sw design at  E:/FPGA/github/FPGA/2_Microblaze_HelloWorld/vitis/design_1_wrapper/microblaze_0/standalone_microblaze_0/bsp/system.mss
TRACE::2024-09-18.02:05:10::SCWMssOS::DEBUG:  swdes dump  E:/FPGA/github/FPGA/2_Microblaze_HelloWorld/vitis/design_1_wrapper/microblaze_0/standalone_microblaze_0/bsp/system.mss|system||

TRACE::2024-09-18.02:05:10::SCWMssOS::Sw design exists and opened at  E:/FPGA/github/FPGA/2_Microblaze_HelloWorld/vitis/design_1_wrapper/microblaze_0/standalone_microblaze_0/bsp/system.mss
TRACE::2024-09-18.02:05:10::SCWMssOS::Saving the mss changes E:/FPGA/github/FPGA/2_Microblaze_HelloWorld/vitis/design_1_wrapper/microblaze_0/standalone_microblaze_0/bsp/system.mss
TRACE::2024-09-18.02:05:10::SCWMssOS::Found a swdesign opened with the mssfile.
TRACE::2024-09-18.02:05:10::SCWMssOS::Completed writemss as part of save.
TRACE::2024-09-18.02:05:10::SCWMssOS::Commit changes completed.
TRACE::2024-09-18.02:05:10::SCWPlatform::Trying to open the hw design at E:/FPGA/github/FPGA/2_Microblaze_HelloWorld/vitis/design_1_wrapper/hw/design_1_wrapper.xsa
TRACE::2024-09-18.02:05:10::SCWPlatform::DSA given E:/FPGA/github/FPGA/2_Microblaze_HelloWorld/vitis/design_1_wrapper/hw/design_1_wrapper.xsa
TRACE::2024-09-18.02:05:10::SCWPlatform::DSA absoulate path E:/FPGA/github/FPGA/2_Microblaze_HelloWorld/vitis/design_1_wrapper/hw/design_1_wrapper.xsa
TRACE::2024-09-18.02:05:10::SCWPlatform::DSA directory E:/FPGA/github/FPGA/2_Microblaze_HelloWorld/vitis/design_1_wrapper/hw
TRACE::2024-09-18.02:05:10::SCWPlatform:: Platform Path E:/FPGA/github/FPGA/2_Microblaze_HelloWorld/vitis/design_1_wrapper/hw/design_1_wrapper.xsa
TRACE::2024-09-18.02:05:10::SCWPlatform:: Unique name xilinx:arty-a7-100::0.0
TRACE::2024-09-18.02:05:10::SCWPlatform::Trying to set the existing hwdb with name design_1_wrapper_0
TRACE::2024-09-18.02:05:10::SCWPlatform::Opened existing hwdb design_1_wrapper_0
TRACE::2024-09-18.02:05:10::SCWPlatform::Found the Hw Db part of the input DSA
TRACE::2024-09-18.02:05:10::SCWMssOS::Checking the sw design at  E:/FPGA/github/FPGA/2_Microblaze_HelloWorld/vitis/design_1_wrapper/microblaze_0/standalone_microblaze_0/bsp/system.mss
TRACE::2024-09-18.02:05:10::SCWMssOS::DEBUG:  swdes dump  E:/FPGA/github/FPGA/2_Microblaze_HelloWorld/vitis/design_1_wrapper/microblaze_0/standalone_microblaze_0/bsp/system.mss|system||

TRACE::2024-09-18.02:05:10::SCWMssOS::Sw design exists and opened at  E:/FPGA/github/FPGA/2_Microblaze_HelloWorld/vitis/design_1_wrapper/microblaze_0/standalone_microblaze_0/bsp/system.mss
TRACE::2024-09-18.02:05:10::SCWPlatform::Trying to open the hw design at E:/FPGA/github/FPGA/2_Microblaze_HelloWorld/vitis/design_1_wrapper/hw/design_1_wrapper.xsa
TRACE::2024-09-18.02:05:10::SCWPlatform::DSA given E:/FPGA/github/FPGA/2_Microblaze_HelloWorld/vitis/design_1_wrapper/hw/design_1_wrapper.xsa
TRACE::2024-09-18.02:05:10::SCWPlatform::DSA absoulate path E:/FPGA/github/FPGA/2_Microblaze_HelloWorld/vitis/design_1_wrapper/hw/design_1_wrapper.xsa
TRACE::2024-09-18.02:05:10::SCWPlatform::DSA directory E:/FPGA/github/FPGA/2_Microblaze_HelloWorld/vitis/design_1_wrapper/hw
TRACE::2024-09-18.02:05:10::SCWPlatform:: Platform Path E:/FPGA/github/FPGA/2_Microblaze_HelloWorld/vitis/design_1_wrapper/hw/design_1_wrapper.xsa
TRACE::2024-09-18.02:05:10::SCWPlatform:: Unique name xilinx:arty-a7-100::0.0
TRACE::2024-09-18.02:05:10::SCWPlatform::Trying to set the existing hwdb with name design_1_wrapper_0
TRACE::2024-09-18.02:05:10::SCWPlatform::Opened existing hwdb design_1_wrapper_0
TRACE::2024-09-18.02:05:10::SCWPlatform::Found the Hw Db part of the input DSA
TRACE::2024-09-18.02:05:10::SCWMssOS::Checking the sw design at  E:/FPGA/github/FPGA/2_Microblaze_HelloWorld/vitis/design_1_wrapper/microblaze_0/standalone_microblaze_0/bsp/system.mss
TRACE::2024-09-18.02:05:10::SCWMssOS::DEBUG:  swdes dump  E:/FPGA/github/FPGA/2_Microblaze_HelloWorld/vitis/design_1_wrapper/microblaze_0/standalone_microblaze_0/bsp/system.mss|system||

TRACE::2024-09-18.02:05:10::SCWMssOS::Sw design exists and opened at  E:/FPGA/github/FPGA/2_Microblaze_HelloWorld/vitis/design_1_wrapper/microblaze_0/standalone_microblaze_0/bsp/system.mss
TRACE::2024-09-18.02:05:10::SCWPlatform::Trying to open the hw design at E:/FPGA/github/FPGA/2_Microblaze_HelloWorld/vitis/design_1_wrapper/hw/design_1_wrapper.xsa
TRACE::2024-09-18.02:05:10::SCWPlatform::DSA given E:/FPGA/github/FPGA/2_Microblaze_HelloWorld/vitis/design_1_wrapper/hw/design_1_wrapper.xsa
TRACE::2024-09-18.02:05:10::SCWPlatform::DSA absoulate path E:/FPGA/github/FPGA/2_Microblaze_HelloWorld/vitis/design_1_wrapper/hw/design_1_wrapper.xsa
TRACE::2024-09-18.02:05:10::SCWPlatform::DSA directory E:/FPGA/github/FPGA/2_Microblaze_HelloWorld/vitis/design_1_wrapper/hw
TRACE::2024-09-18.02:05:10::SCWPlatform:: Platform Path E:/FPGA/github/FPGA/2_Microblaze_HelloWorld/vitis/design_1_wrapper/hw/design_1_wrapper.xsa
TRACE::2024-09-18.02:05:10::SCWPlatform:: Unique name xilinx:arty-a7-100::0.0
TRACE::2024-09-18.02:05:10::SCWPlatform::Trying to set the existing hwdb with name design_1_wrapper_0
TRACE::2024-09-18.02:05:10::SCWPlatform::Opened existing hwdb design_1_wrapper_0
TRACE::2024-09-18.02:05:10::SCWPlatform::Found the Hw Db part of the input DSA
TRACE::2024-09-18.02:05:10::SCWMssOS::Checking the sw design at  E:/FPGA/github/FPGA/2_Microblaze_HelloWorld/vitis/design_1_wrapper/microblaze_0/standalone_microblaze_0/bsp/system.mss
TRACE::2024-09-18.02:05:10::SCWMssOS::DEBUG:  swdes dump  E:/FPGA/github/FPGA/2_Microblaze_HelloWorld/vitis/design_1_wrapper/microblaze_0/standalone_microblaze_0/bsp/system.mss|system||

TRACE::2024-09-18.02:05:10::SCWMssOS::Sw design exists and opened at  E:/FPGA/github/FPGA/2_Microblaze_HelloWorld/vitis/design_1_wrapper/microblaze_0/standalone_microblaze_0/bsp/system.mss
TRACE::2024-09-18.02:05:10::SCWWriter::formatted JSON is {
	"platformName":	"design_1_wrapper",
	"sprVersion":	"2.0",
	"mode":	"gui",
	"dsaType":	"Fixed",
	"platformDesc":	"design_1_wrapper",
	"platHandOff":	"E:/FPGA/github/FPGA/2_Microblaze_HelloWorld/design_1_wrapper.xsa",
	"platIntHandOff":	"<platformDir>/hw/design_1_wrapper.xsa",
	"deviceType":	"FPGA",
	"platIsPrebuiltAutogen":	"false",
	"platIsNoBootBsp":	"false",
	"hasFsblMakeHasChanges":	"false",
	"hasPmufwMakeHasChanges":	"false",
	"platPreBuiltFlag":	false,
	"platformSamplesDir":	"",
	"platActiveSys":	"design_1_wrapper",
	"systems":	[{
			"systemName":	"design_1_wrapper",
			"systemDesc":	"design_1_wrapper",
			"sysIsBootAutoGen":	"true",
			"systemDispName":	"design_1_wrapper",
			"sysActiveDom":	"standalone_microblaze_0",
			"sysDefaultDom":	"standalone_microblaze_0",
			"domains":	[{
					"domainName":	"standalone_microblaze_0",
					"domainDispName":	"standalone_microblaze_0",
					"domainDesc":	"standalone_microblaze_0",
					"processors":	"microblaze_0",
					"os":	"standalone",
					"sdxOs":	"standalone",
					"debugEnable":	"False",
					"domRuntimes":	["cpp"],
					"swRepo":	"",
					"mssOsVer":	"7.7",
					"mssFile":	"",
					"md5Digest":	"176be54d9565534856efdda7089aaa80",
					"compatibleApp":	"hello_world",
					"domType":	"mssDomain",
					"arch":	"32-bit",
					"appSettings":	{
						"appCompilerFlags":	"",
						"appLinkerFlags":	""
					},
					"addedLibs":	[],
					"libOptions":	{
						"libsContainingOptions":	[]
					},
					"prebuiltLibs":	{
						"prebuiltIncPath":	[],
						"prebuiltLibPath":	[]
					},
					"isolation":	{
					}
				}]
		}]
}
TRACE::2024-09-18.02:05:10::SCWPlatform::Trying to open the hw design at E:/FPGA/github/FPGA/2_Microblaze_HelloWorld/vitis/design_1_wrapper/hw/design_1_wrapper.xsa
TRACE::2024-09-18.02:05:10::SCWPlatform::DSA given E:/FPGA/github/FPGA/2_Microblaze_HelloWorld/vitis/design_1_wrapper/hw/design_1_wrapper.xsa
TRACE::2024-09-18.02:05:10::SCWPlatform::DSA absoulate path E:/FPGA/github/FPGA/2_Microblaze_HelloWorld/vitis/design_1_wrapper/hw/design_1_wrapper.xsa
TRACE::2024-09-18.02:05:10::SCWPlatform::DSA directory E:/FPGA/github/FPGA/2_Microblaze_HelloWorld/vitis/design_1_wrapper/hw
TRACE::2024-09-18.02:05:10::SCWPlatform:: Platform Path E:/FPGA/github/FPGA/2_Microblaze_HelloWorld/vitis/design_1_wrapper/hw/design_1_wrapper.xsa
TRACE::2024-09-18.02:05:10::SCWPlatform:: Unique name xilinx:arty-a7-100::0.0
TRACE::2024-09-18.02:05:10::SCWPlatform::Trying to set the existing hwdb with name design_1_wrapper_0
TRACE::2024-09-18.02:05:10::SCWPlatform::Opened existing hwdb design_1_wrapper_0
TRACE::2024-09-18.02:05:10::SCWPlatform::Found the Hw Db part of the input DSA
TRACE::2024-09-18.02:05:10::SCWMssOS::Checking the sw design at  E:/FPGA/github/FPGA/2_Microblaze_HelloWorld/vitis/design_1_wrapper/microblaze_0/standalone_microblaze_0/bsp/system.mss
TRACE::2024-09-18.02:05:10::SCWMssOS::DEBUG:  swdes dump  E:/FPGA/github/FPGA/2_Microblaze_HelloWorld/vitis/design_1_wrapper/microblaze_0/standalone_microblaze_0/bsp/system.mss|system||

TRACE::2024-09-18.02:05:10::SCWMssOS::Sw design exists and opened at  E:/FPGA/github/FPGA/2_Microblaze_HelloWorld/vitis/design_1_wrapper/microblaze_0/standalone_microblaze_0/bsp/system.mss
TRACE::2024-09-18.02:05:10::SCWPlatform::Trying to open the hw design at E:/FPGA/github/FPGA/2_Microblaze_HelloWorld/vitis/design_1_wrapper/hw/design_1_wrapper.xsa
TRACE::2024-09-18.02:05:10::SCWPlatform::DSA given E:/FPGA/github/FPGA/2_Microblaze_HelloWorld/vitis/design_1_wrapper/hw/design_1_wrapper.xsa
TRACE::2024-09-18.02:05:10::SCWPlatform::DSA absoulate path E:/FPGA/github/FPGA/2_Microblaze_HelloWorld/vitis/design_1_wrapper/hw/design_1_wrapper.xsa
TRACE::2024-09-18.02:05:10::SCWPlatform::DSA directory E:/FPGA/github/FPGA/2_Microblaze_HelloWorld/vitis/design_1_wrapper/hw
TRACE::2024-09-18.02:05:10::SCWPlatform:: Platform Path E:/FPGA/github/FPGA/2_Microblaze_HelloWorld/vitis/design_1_wrapper/hw/design_1_wrapper.xsa
TRACE::2024-09-18.02:05:10::SCWPlatform:: Unique name xilinx:arty-a7-100::0.0
TRACE::2024-09-18.02:05:10::SCWPlatform::Trying to set the existing hwdb with name design_1_wrapper_0
TRACE::2024-09-18.02:05:10::SCWPlatform::Opened existing hwdb design_1_wrapper_0
TRACE::2024-09-18.02:05:10::SCWPlatform::Found the Hw Db part of the input DSA
TRACE::2024-09-18.02:05:10::SCWMssOS::Checking the sw design at  E:/FPGA/github/FPGA/2_Microblaze_HelloWorld/vitis/design_1_wrapper/microblaze_0/standalone_microblaze_0/bsp/system.mss
TRACE::2024-09-18.02:05:10::SCWMssOS::DEBUG:  swdes dump  E:/FPGA/github/FPGA/2_Microblaze_HelloWorld/vitis/design_1_wrapper/microblaze_0/standalone_microblaze_0/bsp/system.mss|system||

TRACE::2024-09-18.02:05:10::SCWMssOS::Sw design exists and opened at  E:/FPGA/github/FPGA/2_Microblaze_HelloWorld/vitis/design_1_wrapper/microblaze_0/standalone_microblaze_0/bsp/system.mss
TRACE::2024-09-18.02:05:10::SCWMssOS::Saving the mss changes E:/FPGA/github/FPGA/2_Microblaze_HelloWorld/vitis/design_1_wrapper/microblaze_0/standalone_microblaze_0/bsp/system.mss
TRACE::2024-09-18.02:05:10::SCWMssOS::Found a swdesign opened with the mssfile.
TRACE::2024-09-18.02:05:10::SCWMssOS::Completed writemss as part of save.
TRACE::2024-09-18.02:05:10::SCWMssOS::Commit changes completed.
TRACE::2024-09-18.02:05:10::SCWPlatform::Trying to open the hw design at E:/FPGA/github/FPGA/2_Microblaze_HelloWorld/vitis/design_1_wrapper/hw/design_1_wrapper.xsa
TRACE::2024-09-18.02:05:10::SCWPlatform::DSA given E:/FPGA/github/FPGA/2_Microblaze_HelloWorld/vitis/design_1_wrapper/hw/design_1_wrapper.xsa
TRACE::2024-09-18.02:05:10::SCWPlatform::DSA absoulate path E:/FPGA/github/FPGA/2_Microblaze_HelloWorld/vitis/design_1_wrapper/hw/design_1_wrapper.xsa
TRACE::2024-09-18.02:05:10::SCWPlatform::DSA directory E:/FPGA/github/FPGA/2_Microblaze_HelloWorld/vitis/design_1_wrapper/hw
TRACE::2024-09-18.02:05:10::SCWPlatform:: Platform Path E:/FPGA/github/FPGA/2_Microblaze_HelloWorld/vitis/design_1_wrapper/hw/design_1_wrapper.xsa
TRACE::2024-09-18.02:05:10::SCWPlatform:: Unique name xilinx:arty-a7-100::0.0
TRACE::2024-09-18.02:05:10::SCWPlatform::Trying to set the existing hwdb with name design_1_wrapper_0
TRACE::2024-09-18.02:05:10::SCWPlatform::Opened existing hwdb design_1_wrapper_0
TRACE::2024-09-18.02:05:10::SCWPlatform::Found the Hw Db part of the input DSA
TRACE::2024-09-18.02:05:10::SCWMssOS::Checking the sw design at  E:/FPGA/github/FPGA/2_Microblaze_HelloWorld/vitis/design_1_wrapper/microblaze_0/standalone_microblaze_0/bsp/system.mss
TRACE::2024-09-18.02:05:10::SCWMssOS::DEBUG:  swdes dump  E:/FPGA/github/FPGA/2_Microblaze_HelloWorld/vitis/design_1_wrapper/microblaze_0/standalone_microblaze_0/bsp/system.mss|system||

TRACE::2024-09-18.02:05:10::SCWMssOS::Sw design exists and opened at  E:/FPGA/github/FPGA/2_Microblaze_HelloWorld/vitis/design_1_wrapper/microblaze_0/standalone_microblaze_0/bsp/system.mss
TRACE::2024-09-18.02:05:10::SCWPlatform::Trying to open the hw design at E:/FPGA/github/FPGA/2_Microblaze_HelloWorld/vitis/design_1_wrapper/hw/design_1_wrapper.xsa
TRACE::2024-09-18.02:05:10::SCWPlatform::DSA given E:/FPGA/github/FPGA/2_Microblaze_HelloWorld/vitis/design_1_wrapper/hw/design_1_wrapper.xsa
TRACE::2024-09-18.02:05:10::SCWPlatform::DSA absoulate path E:/FPGA/github/FPGA/2_Microblaze_HelloWorld/vitis/design_1_wrapper/hw/design_1_wrapper.xsa
TRACE::2024-09-18.02:05:10::SCWPlatform::DSA directory E:/FPGA/github/FPGA/2_Microblaze_HelloWorld/vitis/design_1_wrapper/hw
TRACE::2024-09-18.02:05:10::SCWPlatform:: Platform Path E:/FPGA/github/FPGA/2_Microblaze_HelloWorld/vitis/design_1_wrapper/hw/design_1_wrapper.xsa
TRACE::2024-09-18.02:05:10::SCWPlatform:: Unique name xilinx:arty-a7-100::0.0
TRACE::2024-09-18.02:05:10::SCWPlatform::Trying to set the existing hwdb with name design_1_wrapper_0
TRACE::2024-09-18.02:05:10::SCWPlatform::Opened existing hwdb design_1_wrapper_0
TRACE::2024-09-18.02:05:10::SCWPlatform::Found the Hw Db part of the input DSA
TRACE::2024-09-18.02:05:10::SCWMssOS::Checking the sw design at  E:/FPGA/github/FPGA/2_Microblaze_HelloWorld/vitis/design_1_wrapper/microblaze_0/standalone_microblaze_0/bsp/system.mss
TRACE::2024-09-18.02:05:10::SCWMssOS::DEBUG:  swdes dump  E:/FPGA/github/FPGA/2_Microblaze_HelloWorld/vitis/design_1_wrapper/microblaze_0/standalone_microblaze_0/bsp/system.mss|system||

TRACE::2024-09-18.02:05:10::SCWMssOS::Sw design exists and opened at  E:/FPGA/github/FPGA/2_Microblaze_HelloWorld/vitis/design_1_wrapper/microblaze_0/standalone_microblaze_0/bsp/system.mss
TRACE::2024-09-18.02:05:10::SCWPlatform::Trying to open the hw design at E:/FPGA/github/FPGA/2_Microblaze_HelloWorld/vitis/design_1_wrapper/hw/design_1_wrapper.xsa
TRACE::2024-09-18.02:05:10::SCWPlatform::DSA given E:/FPGA/github/FPGA/2_Microblaze_HelloWorld/vitis/design_1_wrapper/hw/design_1_wrapper.xsa
TRACE::2024-09-18.02:05:10::SCWPlatform::DSA absoulate path E:/FPGA/github/FPGA/2_Microblaze_HelloWorld/vitis/design_1_wrapper/hw/design_1_wrapper.xsa
TRACE::2024-09-18.02:05:10::SCWPlatform::DSA directory E:/FPGA/github/FPGA/2_Microblaze_HelloWorld/vitis/design_1_wrapper/hw
TRACE::2024-09-18.02:05:10::SCWPlatform:: Platform Path E:/FPGA/github/FPGA/2_Microblaze_HelloWorld/vitis/design_1_wrapper/hw/design_1_wrapper.xsa
TRACE::2024-09-18.02:05:10::SCWPlatform:: Unique name xilinx:arty-a7-100::0.0
TRACE::2024-09-18.02:05:10::SCWPlatform::Trying to set the existing hwdb with name design_1_wrapper_0
TRACE::2024-09-18.02:05:10::SCWPlatform::Opened existing hwdb design_1_wrapper_0
TRACE::2024-09-18.02:05:10::SCWPlatform::Found the Hw Db part of the input DSA
TRACE::2024-09-18.02:05:10::SCWMssOS::Checking the sw design at  E:/FPGA/github/FPGA/2_Microblaze_HelloWorld/vitis/design_1_wrapper/microblaze_0/standalone_microblaze_0/bsp/system.mss
TRACE::2024-09-18.02:05:10::SCWMssOS::DEBUG:  swdes dump  E:/FPGA/github/FPGA/2_Microblaze_HelloWorld/vitis/design_1_wrapper/microblaze_0/standalone_microblaze_0/bsp/system.mss|system||

TRACE::2024-09-18.02:05:10::SCWMssOS::Sw design exists and opened at  E:/FPGA/github/FPGA/2_Microblaze_HelloWorld/vitis/design_1_wrapper/microblaze_0/standalone_microblaze_0/bsp/system.mss
TRACE::2024-09-18.02:05:10::SCWWriter::formatted JSON is {
	"platformName":	"design_1_wrapper",
	"sprVersion":	"2.0",
	"mode":	"gui",
	"dsaType":	"Fixed",
	"platformDesc":	"design_1_wrapper",
	"platHandOff":	"E:/FPGA/github/FPGA/2_Microblaze_HelloWorld/design_1_wrapper.xsa",
	"platIntHandOff":	"<platformDir>/hw/design_1_wrapper.xsa",
	"deviceType":	"FPGA",
	"platIsPrebuiltAutogen":	"false",
	"platIsNoBootBsp":	"false",
	"hasFsblMakeHasChanges":	"false",
	"hasPmufwMakeHasChanges":	"false",
	"platPreBuiltFlag":	false,
	"platformSamplesDir":	"",
	"platActiveSys":	"design_1_wrapper",
	"systems":	[{
			"systemName":	"design_1_wrapper",
			"systemDesc":	"design_1_wrapper",
			"sysIsBootAutoGen":	"true",
			"systemDispName":	"design_1_wrapper",
			"sysActiveDom":	"standalone_microblaze_0",
			"sysDefaultDom":	"standalone_microblaze_0",
			"domains":	[{
					"domainName":	"standalone_microblaze_0",
					"domainDispName":	"standalone_microblaze_0",
					"domainDesc":	"standalone_microblaze_0",
					"processors":	"microblaze_0",
					"os":	"standalone",
					"sdxOs":	"standalone",
					"debugEnable":	"False",
					"domRuntimes":	["cpp"],
					"swRepo":	"",
					"mssOsVer":	"7.7",
					"mssFile":	"",
					"md5Digest":	"176be54d9565534856efdda7089aaa80",
					"compatibleApp":	"hello_world",
					"domType":	"mssDomain",
					"arch":	"32-bit",
					"appSettings":	{
						"appCompilerFlags":	"",
						"appLinkerFlags":	""
					},
					"addedLibs":	[],
					"libOptions":	{
						"libsContainingOptions":	[]
					},
					"prebuiltLibs":	{
						"prebuiltIncPath":	[],
						"prebuiltLibPath":	[]
					},
					"isolation":	{
					}
				}]
		}]
}
LOG::2024-09-18.02:05:10::SCWPlatform::Started generating the artifacts platform design_1_wrapper
TRACE::2024-09-18.02:05:10::SCWPlatform::Sanity checking of platform is completed
LOG::2024-09-18.02:05:10::SCWPlatform::Started generating the artifacts for system configuration design_1_wrapper
LOG::2024-09-18.02:05:10::SCWSystem::Started Processing the domain standalone_microblaze_0
TRACE::2024-09-18.02:05:10::SCWDomain::Generating domain artifcats
TRACE::2024-09-18.02:05:10::SCWMssOS::Generating standalone artifcats
TRACE::2024-09-18.02:05:10::SCWMssOS:: Copying the user libraries. 
TRACE::2024-09-18.02:05:10::SCWPlatform::Trying to open the hw design at E:/FPGA/github/FPGA/2_Microblaze_HelloWorld/vitis/design_1_wrapper/hw/design_1_wrapper.xsa
TRACE::2024-09-18.02:05:10::SCWPlatform::DSA given E:/FPGA/github/FPGA/2_Microblaze_HelloWorld/vitis/design_1_wrapper/hw/design_1_wrapper.xsa
TRACE::2024-09-18.02:05:10::SCWPlatform::DSA absoulate path E:/FPGA/github/FPGA/2_Microblaze_HelloWorld/vitis/design_1_wrapper/hw/design_1_wrapper.xsa
TRACE::2024-09-18.02:05:10::SCWPlatform::DSA directory E:/FPGA/github/FPGA/2_Microblaze_HelloWorld/vitis/design_1_wrapper/hw
TRACE::2024-09-18.02:05:10::SCWPlatform:: Platform Path E:/FPGA/github/FPGA/2_Microblaze_HelloWorld/vitis/design_1_wrapper/hw/design_1_wrapper.xsa
TRACE::2024-09-18.02:05:10::SCWPlatform:: Unique name xilinx:arty-a7-100::0.0
TRACE::2024-09-18.02:05:10::SCWPlatform::Trying to set the existing hwdb with name design_1_wrapper_0
TRACE::2024-09-18.02:05:10::SCWPlatform::Opened existing hwdb design_1_wrapper_0
TRACE::2024-09-18.02:05:10::SCWPlatform::Found the Hw Db part of the input DSA
TRACE::2024-09-18.02:05:10::SCWMssOS::Checking the sw design at  E:/FPGA/github/FPGA/2_Microblaze_HelloWorld/vitis/design_1_wrapper/microblaze_0/standalone_microblaze_0/bsp/system.mss
TRACE::2024-09-18.02:05:10::SCWMssOS::DEBUG:  swdes dump  E:/FPGA/github/FPGA/2_Microblaze_HelloWorld/vitis/design_1_wrapper/microblaze_0/standalone_microblaze_0/bsp/system.mss|system||

TRACE::2024-09-18.02:05:10::SCWMssOS::Sw design exists and opened at  E:/FPGA/github/FPGA/2_Microblaze_HelloWorld/vitis/design_1_wrapper/microblaze_0/standalone_microblaze_0/bsp/system.mss
TRACE::2024-09-18.02:05:10::SCWMssOS::Completed writing the mss file at E:/FPGA/github/FPGA/2_Microblaze_HelloWorld/vitis/design_1_wrapper/microblaze_0/standalone_microblaze_0/bsp
TRACE::2024-09-18.02:05:10::SCWMssOS::Mss edits present, copying mssfile into export location E:/FPGA/github/FPGA/2_Microblaze_HelloWorld/vitis/design_1_wrapper/microblaze_0/standalone_microblaze_0/bsp/system.mss
TRACE::2024-09-18.02:05:10::SCWMssOS::bsp generated is upto date with the mss file. Skipping bsp generation.
TRACE::2024-09-18.02:05:10::SCWMssOS::BSP is already built. skipping the bsp build ... 
TRACE::2024-09-18.02:05:10::SCWDomain::Building the domain as part of full build :  standalone_microblaze_0
TRACE::2024-09-18.02:05:10::SCWMssOS::skipping the bsp build ... 
TRACE::2024-09-18.02:05:10::SCWMssOS::Copying to export directory.
TRACE::2024-09-18.02:05:10::SCWMssOS:: Checking if to create the Supporting Applications
TRACE::2024-09-18.02:05:10::SCWMssOS:: No Linux domain exists, trying to generate FSBL 
LOG::2024-09-18.02:05:10::SCWSystem::Completed Processing the domain standalone_microblaze_0
LOG::2024-09-18.02:05:10::SCWSystem::Completed Processing the sysconfig design_1_wrapper
LOG::2024-09-18.02:05:10::SCWPlatform::Completed generating the artifacts for system configuration design_1_wrapper
TRACE::2024-09-18.02:05:10::SCWPlatform::Started preparing the platform 
TRACE::2024-09-18.02:05:10::SCWSystem::Writing the bif file for system config design_1_wrapper
TRACE::2024-09-18.02:05:10::SCWSystem::dir created 
TRACE::2024-09-18.02:05:10::SCWSystem::Writing the bif 
TRACE::2024-09-18.02:05:10::SCWPlatform::Started writing the spfm file 
TRACE::2024-09-18.02:05:10::SCWPlatform::Started writing the xpfm file 
TRACE::2024-09-18.02:05:10::SCWPlatform::Completed generating the platform
TRACE::2024-09-18.02:05:10::SCWMssOS::Saving the mss changes E:/FPGA/github/FPGA/2_Microblaze_HelloWorld/vitis/design_1_wrapper/microblaze_0/standalone_microblaze_0/bsp/system.mss
TRACE::2024-09-18.02:05:10::SCWMssOS::Found a swdesign opened with the mssfile.
TRACE::2024-09-18.02:05:10::SCWMssOS::Completed writemss as part of save.
TRACE::2024-09-18.02:05:10::SCWMssOS::Commit changes completed.
TRACE::2024-09-18.02:05:10::SCWPlatform::Trying to open the hw design at E:/FPGA/github/FPGA/2_Microblaze_HelloWorld/vitis/design_1_wrapper/hw/design_1_wrapper.xsa
TRACE::2024-09-18.02:05:10::SCWPlatform::DSA given E:/FPGA/github/FPGA/2_Microblaze_HelloWorld/vitis/design_1_wrapper/hw/design_1_wrapper.xsa
TRACE::2024-09-18.02:05:10::SCWPlatform::DSA absoulate path E:/FPGA/github/FPGA/2_Microblaze_HelloWorld/vitis/design_1_wrapper/hw/design_1_wrapper.xsa
TRACE::2024-09-18.02:05:10::SCWPlatform::DSA directory E:/FPGA/github/FPGA/2_Microblaze_HelloWorld/vitis/design_1_wrapper/hw
TRACE::2024-09-18.02:05:10::SCWPlatform:: Platform Path E:/FPGA/github/FPGA/2_Microblaze_HelloWorld/vitis/design_1_wrapper/hw/design_1_wrapper.xsa
TRACE::2024-09-18.02:05:10::SCWPlatform:: Unique name xilinx:arty-a7-100::0.0
TRACE::2024-09-18.02:05:10::SCWPlatform::Trying to set the existing hwdb with name design_1_wrapper_0
TRACE::2024-09-18.02:05:10::SCWPlatform::Opened existing hwdb design_1_wrapper_0
TRACE::2024-09-18.02:05:10::SCWPlatform::Found the Hw Db part of the input DSA
TRACE::2024-09-18.02:05:10::SCWMssOS::Checking the sw design at  E:/FPGA/github/FPGA/2_Microblaze_HelloWorld/vitis/design_1_wrapper/microblaze_0/standalone_microblaze_0/bsp/system.mss
TRACE::2024-09-18.02:05:10::SCWMssOS::DEBUG:  swdes dump  E:/FPGA/github/FPGA/2_Microblaze_HelloWorld/vitis/design_1_wrapper/microblaze_0/standalone_microblaze_0/bsp/system.mss|system||

TRACE::2024-09-18.02:05:10::SCWMssOS::Sw design exists and opened at  E:/FPGA/github/FPGA/2_Microblaze_HelloWorld/vitis/design_1_wrapper/microblaze_0/standalone_microblaze_0/bsp/system.mss
TRACE::2024-09-18.02:05:10::SCWPlatform::Trying to open the hw design at E:/FPGA/github/FPGA/2_Microblaze_HelloWorld/vitis/design_1_wrapper/hw/design_1_wrapper.xsa
TRACE::2024-09-18.02:05:10::SCWPlatform::DSA given E:/FPGA/github/FPGA/2_Microblaze_HelloWorld/vitis/design_1_wrapper/hw/design_1_wrapper.xsa
TRACE::2024-09-18.02:05:10::SCWPlatform::DSA absoulate path E:/FPGA/github/FPGA/2_Microblaze_HelloWorld/vitis/design_1_wrapper/hw/design_1_wrapper.xsa
TRACE::2024-09-18.02:05:10::SCWPlatform::DSA directory E:/FPGA/github/FPGA/2_Microblaze_HelloWorld/vitis/design_1_wrapper/hw
TRACE::2024-09-18.02:05:10::SCWPlatform:: Platform Path E:/FPGA/github/FPGA/2_Microblaze_HelloWorld/vitis/design_1_wrapper/hw/design_1_wrapper.xsa
TRACE::2024-09-18.02:05:10::SCWPlatform:: Unique name xilinx:arty-a7-100::0.0
TRACE::2024-09-18.02:05:10::SCWPlatform::Trying to set the existing hwdb with name design_1_wrapper_0
TRACE::2024-09-18.02:05:10::SCWPlatform::Opened existing hwdb design_1_wrapper_0
TRACE::2024-09-18.02:05:10::SCWPlatform::Found the Hw Db part of the input DSA
TRACE::2024-09-18.02:05:10::SCWMssOS::Checking the sw design at  E:/FPGA/github/FPGA/2_Microblaze_HelloWorld/vitis/design_1_wrapper/microblaze_0/standalone_microblaze_0/bsp/system.mss
TRACE::2024-09-18.02:05:10::SCWMssOS::DEBUG:  swdes dump  E:/FPGA/github/FPGA/2_Microblaze_HelloWorld/vitis/design_1_wrapper/microblaze_0/standalone_microblaze_0/bsp/system.mss|system||

TRACE::2024-09-18.02:05:10::SCWMssOS::Sw design exists and opened at  E:/FPGA/github/FPGA/2_Microblaze_HelloWorld/vitis/design_1_wrapper/microblaze_0/standalone_microblaze_0/bsp/system.mss
TRACE::2024-09-18.02:05:10::SCWPlatform::Trying to open the hw design at E:/FPGA/github/FPGA/2_Microblaze_HelloWorld/vitis/design_1_wrapper/hw/design_1_wrapper.xsa
TRACE::2024-09-18.02:05:10::SCWPlatform::DSA given E:/FPGA/github/FPGA/2_Microblaze_HelloWorld/vitis/design_1_wrapper/hw/design_1_wrapper.xsa
TRACE::2024-09-18.02:05:10::SCWPlatform::DSA absoulate path E:/FPGA/github/FPGA/2_Microblaze_HelloWorld/vitis/design_1_wrapper/hw/design_1_wrapper.xsa
TRACE::2024-09-18.02:05:10::SCWPlatform::DSA directory E:/FPGA/github/FPGA/2_Microblaze_HelloWorld/vitis/design_1_wrapper/hw
TRACE::2024-09-18.02:05:10::SCWPlatform:: Platform Path E:/FPGA/github/FPGA/2_Microblaze_HelloWorld/vitis/design_1_wrapper/hw/design_1_wrapper.xsa
TRACE::2024-09-18.02:05:10::SCWPlatform:: Unique name xilinx:arty-a7-100::0.0
TRACE::2024-09-18.02:05:10::SCWPlatform::Trying to set the existing hwdb with name design_1_wrapper_0
TRACE::2024-09-18.02:05:10::SCWPlatform::Opened existing hwdb design_1_wrapper_0
TRACE::2024-09-18.02:05:10::SCWPlatform::Found the Hw Db part of the input DSA
TRACE::2024-09-18.02:05:10::SCWMssOS::Checking the sw design at  E:/FPGA/github/FPGA/2_Microblaze_HelloWorld/vitis/design_1_wrapper/microblaze_0/standalone_microblaze_0/bsp/system.mss
TRACE::2024-09-18.02:05:10::SCWMssOS::DEBUG:  swdes dump  E:/FPGA/github/FPGA/2_Microblaze_HelloWorld/vitis/design_1_wrapper/microblaze_0/standalone_microblaze_0/bsp/system.mss|system||

TRACE::2024-09-18.02:05:10::SCWMssOS::Sw design exists and opened at  E:/FPGA/github/FPGA/2_Microblaze_HelloWorld/vitis/design_1_wrapper/microblaze_0/standalone_microblaze_0/bsp/system.mss
TRACE::2024-09-18.02:05:10::SCWWriter::formatted JSON is {
	"platformName":	"design_1_wrapper",
	"sprVersion":	"2.0",
	"mode":	"gui",
	"dsaType":	"Fixed",
	"platformDesc":	"design_1_wrapper",
	"platHandOff":	"E:/FPGA/github/FPGA/2_Microblaze_HelloWorld/design_1_wrapper.xsa",
	"platIntHandOff":	"<platformDir>/hw/design_1_wrapper.xsa",
	"deviceType":	"FPGA",
	"platIsPrebuiltAutogen":	"false",
	"platIsNoBootBsp":	"false",
	"hasFsblMakeHasChanges":	"false",
	"hasPmufwMakeHasChanges":	"false",
	"platPreBuiltFlag":	false,
	"platformSamplesDir":	"",
	"platActiveSys":	"design_1_wrapper",
	"systems":	[{
			"systemName":	"design_1_wrapper",
			"systemDesc":	"design_1_wrapper",
			"sysIsBootAutoGen":	"true",
			"systemDispName":	"design_1_wrapper",
			"sysActiveDom":	"standalone_microblaze_0",
			"sysDefaultDom":	"standalone_microblaze_0",
			"domains":	[{
					"domainName":	"standalone_microblaze_0",
					"domainDispName":	"standalone_microblaze_0",
					"domainDesc":	"standalone_microblaze_0",
					"processors":	"microblaze_0",
					"os":	"standalone",
					"sdxOs":	"standalone",
					"debugEnable":	"False",
					"domRuntimes":	["cpp"],
					"swRepo":	"",
					"mssOsVer":	"7.7",
					"mssFile":	"",
					"md5Digest":	"176be54d9565534856efdda7089aaa80",
					"compatibleApp":	"hello_world",
					"domType":	"mssDomain",
					"arch":	"32-bit",
					"appSettings":	{
						"appCompilerFlags":	"",
						"appLinkerFlags":	""
					},
					"addedLibs":	[],
					"libOptions":	{
						"libsContainingOptions":	[]
					},
					"prebuiltLibs":	{
						"prebuiltIncPath":	[],
						"prebuiltLibPath":	[]
					},
					"isolation":	{
					}
				}]
		}]
}
KEYINFO::2024-09-18.02:05:10::SCWPlatform::updated the xpfm file.
LOG::2024-09-18.02:05:36::SCWPlatform::Started generating the artifacts platform design_1_wrapper
TRACE::2024-09-18.02:05:36::SCWPlatform::Sanity checking of platform is completed
LOG::2024-09-18.02:05:36::SCWPlatform::Started generating the artifacts for system configuration design_1_wrapper
LOG::2024-09-18.02:05:36::SCWSystem::Checking the domain standalone_microblaze_0
LOG::2024-09-18.02:05:36::SCWSystem::Not a boot domain 
LOG::2024-09-18.02:05:36::SCWSystem::Started Processing the domain standalone_microblaze_0
TRACE::2024-09-18.02:05:36::SCWDomain::Generating domain artifcats
TRACE::2024-09-18.02:05:36::SCWMssOS::Generating standalone artifcats
TRACE::2024-09-18.02:05:36::SCWMssOS:: Copying the user libraries. 
TRACE::2024-09-18.02:05:36::SCWPlatform::Trying to open the hw design at E:/FPGA/github/FPGA/2_Microblaze_HelloWorld/vitis/design_1_wrapper/hw/design_1_wrapper.xsa
TRACE::2024-09-18.02:05:36::SCWPlatform::DSA given E:/FPGA/github/FPGA/2_Microblaze_HelloWorld/vitis/design_1_wrapper/hw/design_1_wrapper.xsa
TRACE::2024-09-18.02:05:36::SCWPlatform::DSA absoulate path E:/FPGA/github/FPGA/2_Microblaze_HelloWorld/vitis/design_1_wrapper/hw/design_1_wrapper.xsa
TRACE::2024-09-18.02:05:36::SCWPlatform::DSA directory E:/FPGA/github/FPGA/2_Microblaze_HelloWorld/vitis/design_1_wrapper/hw
TRACE::2024-09-18.02:05:36::SCWPlatform:: Platform Path E:/FPGA/github/FPGA/2_Microblaze_HelloWorld/vitis/design_1_wrapper/hw/design_1_wrapper.xsa
TRACE::2024-09-18.02:05:36::SCWPlatform:: Unique name xilinx:arty-a7-100::0.0
TRACE::2024-09-18.02:05:36::SCWPlatform::Trying to set the existing hwdb with name design_1_wrapper_0
TRACE::2024-09-18.02:05:36::SCWPlatform::Opened existing hwdb design_1_wrapper_0
TRACE::2024-09-18.02:05:36::SCWPlatform::Found the Hw Db part of the input DSA
TRACE::2024-09-18.02:05:36::SCWMssOS::Checking the sw design at  E:/FPGA/github/FPGA/2_Microblaze_HelloWorld/vitis/design_1_wrapper/microblaze_0/standalone_microblaze_0/bsp/system.mss
TRACE::2024-09-18.02:05:36::SCWMssOS::DEBUG:  swdes dump  E:/FPGA/github/FPGA/2_Microblaze_HelloWorld/vitis/design_1_wrapper/microblaze_0/standalone_microblaze_0/bsp/system.mss|system||

TRACE::2024-09-18.02:05:36::SCWMssOS::Sw design exists and opened at  E:/FPGA/github/FPGA/2_Microblaze_HelloWorld/vitis/design_1_wrapper/microblaze_0/standalone_microblaze_0/bsp/system.mss
TRACE::2024-09-18.02:05:36::SCWMssOS::Completed writing the mss file at E:/FPGA/github/FPGA/2_Microblaze_HelloWorld/vitis/design_1_wrapper/microblaze_0/standalone_microblaze_0/bsp
TRACE::2024-09-18.02:05:36::SCWMssOS::Mss edits present, copying mssfile into export location E:/FPGA/github/FPGA/2_Microblaze_HelloWorld/vitis/design_1_wrapper/microblaze_0/standalone_microblaze_0/bsp/system.mss
TRACE::2024-09-18.02:05:36::SCWMssOS::bsp generated is upto date with the mss file. Skipping bsp generation.
TRACE::2024-09-18.02:05:36::SCWMssOS::BSP is already built. skipping the bsp build ... 
TRACE::2024-09-18.02:05:36::SCWDomain::Building the domain as part of full build :  standalone_microblaze_0
TRACE::2024-09-18.02:05:36::SCWMssOS::doing bsp build ... 
TRACE::2024-09-18.02:05:36::SCWMssOS::System Command Ran  E: & cd  E:/FPGA/github/FPGA/2_Microblaze_HelloWorld/vitis/design_1_wrapper/microblaze_0/standalone_microblaze_0/bsp & make 
TRACE::2024-09-18.02:05:36::SCWMssOS::make --no-print-directory seq_libs

TRACE::2024-09-18.02:05:37::SCWMssOS::'Finished building libraries sequentially.'

TRACE::2024-09-18.02:05:37::SCWMssOS::make -j 10 --no-print-directory par_libs

TRACE::2024-09-18.02:05:37::SCWMssOS::"Running Make include in microblaze_0/libsrc/bram_v4_7/src"

TRACE::2024-09-18.02:05:37::SCWMssOS::make -C microblaze_0/libsrc/bram_v4_7/src -s include  "SHELL=CMD" "COMPILER=mb-gcc" "ASSEMBLER=mb-as" "ARCHIVER=mb-ar" "COMPILE
TRACE::2024-09-18.02:05:37::SCWMssOS::R_FLAGS=  -O2 -c -mcpu=v11.0 -mlittle-endian -mxl-soft-mul" "EXTRA_COMPILER_FLAGS=-g -ffunction-sections -fdata-sections -Wall 
TRACE::2024-09-18.02:05:37::SCWMssOS::-Wextra -fno-tree-loop-distribute-patterns"

TRACE::2024-09-18.02:05:37::SCWMssOS::"Running Make include in microblaze_0/libsrc/cpu_v2_15/src"

TRACE::2024-09-18.02:05:37::SCWMssOS::make -C microblaze_0/libsrc/cpu_v2_15/src -s include  "SHELL=CMD" "COMPILER=mb-gcc" "ASSEMBLER=mb-as" "ARCHIVER=mb-ar" "COMPILE
TRACE::2024-09-18.02:05:37::SCWMssOS::R_FLAGS=  -O2 -c -mcpu=v11.0 -mlittle-endian -mxl-soft-mul" "EXTRA_COMPILER_FLAGS=-g -ffunction-sections -fdata-sections -Wall 
TRACE::2024-09-18.02:05:37::SCWMssOS::-Wextra -fno-tree-loop-distribute-patterns"

TRACE::2024-09-18.02:05:37::SCWMssOS::"Running Make include in microblaze_0/libsrc/standalone_v7_7/src"

TRACE::2024-09-18.02:05:37::SCWMssOS::make -C microblaze_0/libsrc/standalone_v7_7/src -s include  "SHELL=CMD" "COMPILER=mb-gcc" "ASSEMBLER=mb-as" "ARCHIVER=mb-ar" "C
TRACE::2024-09-18.02:05:37::SCWMssOS::OMPILER_FLAGS=  -O2 -c -mcpu=v11.0 -mlittle-endian -mxl-soft-mul" "EXTRA_COMPILER_FLAGS=-g -ffunction-sections -fdata-sections 
TRACE::2024-09-18.02:05:37::SCWMssOS::-Wall -Wextra -fno-tree-loop-distribute-patterns"

TRACE::2024-09-18.02:05:37::SCWMssOS::"Running Make include in microblaze_0/libsrc/uartlite_v3_7/src"

TRACE::2024-09-18.02:05:37::SCWMssOS::make -C microblaze_0/libsrc/uartlite_v3_7/src -s include  "SHELL=CMD" "COMPILER=mb-gcc" "ASSEMBLER=mb-as" "ARCHIVER=mb-ar" "COM
TRACE::2024-09-18.02:05:37::SCWMssOS::PILER_FLAGS=  -O2 -c -mcpu=v11.0 -mlittle-endian -mxl-soft-mul" "EXTRA_COMPILER_FLAGS=-g -ffunction-sections -fdata-sections -W
TRACE::2024-09-18.02:05:37::SCWMssOS::all -Wextra -fno-tree-loop-distribute-patterns"

TRACE::2024-09-18.02:05:37::SCWMssOS::"Running Make libs in microblaze_0/libsrc/bram_v4_7/src"

TRACE::2024-09-18.02:05:37::SCWMssOS::make -C microblaze_0/libsrc/bram_v4_7/src -s libs  "SHELL=CMD" "COMPILER=mb-gcc" "ASSEMBLER=mb-as" "ARCHIVER=mb-ar" "COMPILER_F
TRACE::2024-09-18.02:05:37::SCWMssOS::LAGS=  -O2 -c -mcpu=v11.0 -mlittle-endian -mxl-soft-mul" "EXTRA_COMPILER_FLAGS=-g -ffunction-sections -fdata-sections -Wall -We
TRACE::2024-09-18.02:05:37::SCWMssOS::xtra -fno-tree-loop-distribute-patterns"

TRACE::2024-09-18.02:05:37::SCWMssOS::"Running Make libs in microblaze_0/libsrc/cpu_v2_15/src"

TRACE::2024-09-18.02:05:37::SCWMssOS::make -C microblaze_0/libsrc/cpu_v2_15/src -s libs  "SHELL=CMD" "COMPILER=mb-gcc" "ASSEMBLER=mb-as" "ARCHIVER=mb-ar" "COMPILER_F
TRACE::2024-09-18.02:05:37::SCWMssOS::LAGS=  -O2 -c -mcpu=v11.0 -mlittle-endian -mxl-soft-mul" "EXTRA_COMPILER_FLAGS=-g -ffunction-sections -fdata-sections -Wall -We
TRACE::2024-09-18.02:05:37::SCWMssOS::xtra -fno-tree-loop-distribute-patterns"

TRACE::2024-09-18.02:05:37::SCWMssOS::"Running Make libs in microblaze_0/libsrc/standalone_v7_7/src"

TRACE::2024-09-18.02:05:37::SCWMssOS::make -C microblaze_0/libsrc/standalone_v7_7/src -s libs  "SHELL=CMD" "COMPILER=mb-gcc" "ASSEMBLER=mb-as" "ARCHIVER=mb-ar" "COMP
TRACE::2024-09-18.02:05:37::SCWMssOS::ILER_FLAGS=  -O2 -c -mcpu=v11.0 -mlittle-endian -mxl-soft-mul" "EXTRA_COMPILER_FLAGS=-g -ffunction-sections -fdata-sections -Wa
TRACE::2024-09-18.02:05:37::SCWMssOS::ll -Wextra -fno-tree-loop-distribute-patterns"

TRACE::2024-09-18.02:05:37::SCWMssOS::"Running Make libs in microblaze_0/libsrc/uartlite_v3_7/src"

TRACE::2024-09-18.02:05:37::SCWMssOS::make -C microblaze_0/libsrc/uartlite_v3_7/src -s libs  "SHELL=CMD" "COMPILER=mb-gcc" "ASSEMBLER=mb-as" "ARCHIVER=mb-ar" "COMPIL
TRACE::2024-09-18.02:05:37::SCWMssOS::ER_FLAGS=  -O2 -c -mcpu=v11.0 -mlittle-endian -mxl-soft-mul" "EXTRA_COMPILER_FLAGS=-g -ffunction-sections -fdata-sections -Wall
TRACE::2024-09-18.02:05:37::SCWMssOS:: -Wextra -fno-tree-loop-distribute-patterns"

TRACE::2024-09-18.02:05:39::SCWMssOS::"DEBUG NON_LTO_OBJECTS is ../../../lib/microblaze_interrupt_handler.o"

TRACE::2024-09-18.02:05:39::SCWMssOS::'Finished building libraries parallelly.'

TRACE::2024-09-18.02:05:39::SCWMssOS::make --no-print-directory archive

TRACE::2024-09-18.02:05:39::SCWMssOS::mb-ar -r  microblaze_0/lib/libxil.a microblaze_0/lib/xplatform_info.o microblaze_0/lib/xuartlite.o microblaze_0/lib/microblaze_
TRACE::2024-09-18.02:05:39::SCWMssOS::disable_exceptions.o microblaze_0/lib/print.o microblaze_0/lib/_exit.o microblaze_0/lib/xil_testio.o microblaze_0/lib/microblaz
TRACE::2024-09-18.02:05:39::SCWMssOS::e_disable_dcache.o microblaze_0/lib/microblaze_flush_dcache_range.o microblaze_0/lib/microblaze_flush_cache_ext.o microblaze_0/
TRACE::2024-09-18.02:05:39::SCWMssOS::lib/xbram_sinit.o microblaze_0/lib/xil_misc_psreset_api.o microblaze_0/lib/xinterrupt_wrap.o microblaze_0/lib/xil_cache.o micro
TRACE::2024-09-18.02:05:39::SCWMssOS::blaze_0/lib/inbyte.o microblaze_0/lib/xbram_g.o microblaze_0/lib/microblaze_exception_handler.o microblaze_0/lib/microblaze_scr
TRACE::2024-09-18.02:05:39::SCWMssOS::ub.o microblaze_0/lib/microblaze_invalidate_dcache.o microblaze_0/lib/microblaze_disable_interrupts.o microblaze_0/lib/xbram_se
TRACE::2024-09-18.02:05:39::SCWMssOS::lftest.o microblaze_0/lib/microblaze_interrupt_handler.o microblaze_0/lib/microblaze_disable_icache.o microblaze_0/lib/xil_mem.
TRACE::2024-09-18.02:05:39::SCWMssOS::o microblaze_0/lib/xuartlite_intr.o microblaze_0/lib/microblaze_flush_cache_ext_range.o microblaze_0/lib/xbram_intr.o microblaz
TRACE::2024-09-18.02:05:39::SCWMssOS::e_0/lib/xil_sleepcommon.o microblaze_0/lib/xil_printf.o microblaze_0/lib/xio.o microblaze_0/lib/outbyte.o microblaze_0/lib/micr
TRACE::2024-09-18.02:05:39::SCWMssOS::oblaze_invalidate_dcache_range.o microblaze_0/lib/xuartlite_g.o microblaze_0/lib/microblaze_invalidate_cache_ext.o microblaze_0
TRACE::2024-09-18.02:05:39::SCWMssOS::/lib/microblaze_sleep.o microblaze_0/lib/hw_exception_handler.o microblaze_0/lib/xuartlite_selftest.o microblaze_0/lib/xil_util
TRACE::2024-09-18.02:05:39::SCWMssOS::.o microblaze_0/lib/microblaze_update_dcache.o microblaze_0/lib/xil_testcache.o microblaze_0/lib/microblaze_selftest.o microbla
TRACE::2024-09-18.02:05:39::SCWMssOS::ze_0/lib/microblaze_interrupts_g.o microblaze_0/lib/microblaze_enable_exceptions.o microblaze_0/lib/microblaze_enable_dcache.o 
TRACE::2024-09-18.02:05:39::SCWMssOS::microblaze_0/lib/xbram.o microblaze_0/lib/microblaze_invalidate_icache_range.o microblaze_0/lib/xuartlite_sinit.o microblaze_0/
TRACE::2024-09-18.02:05:39::SCWMssOS::lib/microblaze_init_dcache_range.o microblaze_0/lib/microblaze_invalidate_icache.o microblaze_0/lib/errno.o microblaze_0/lib/xu
TRACE::2024-09-18.02:05:39::SCWMssOS::artlite_l.o microblaze_0/lib/xuartlite_stats.o microblaze_0/lib/microblaze_invalidate_cache_ext_range.o microblaze_0/lib/xil_ex
TRACE::2024-09-18.02:05:39::SCWMssOS::ception.o microblaze_0/lib/pvr.o microblaze_0/lib/xil_testmem.o microblaze_0/lib/microblaze_update_icache.o microblaze_0/lib/mi
TRACE::2024-09-18.02:05:39::SCWMssOS::croblaze_flush_dcache.o microblaze_0/lib/xil_clocking.o microblaze_0/lib/xil_assert.o microblaze_0/lib/microblaze_enable_interr
TRACE::2024-09-18.02:05:39::SCWMssOS::upts.o microblaze_0/lib/microblaze_enable_icache.o microblaze_0/lib/fcntl.o microblaze_0/lib/microblaze_init_icache_range.o

TRACE::2024-09-18.02:05:40::SCWMssOS::'Finished building libraries'

TRACE::2024-09-18.02:05:40::SCWMssOS::Copying to export directory.
TRACE::2024-09-18.02:05:40::SCWMssOS:: Checking if to create the Supporting Applications
TRACE::2024-09-18.02:05:40::SCWMssOS:: No Linux domain exists, trying to generate FSBL 
LOG::2024-09-18.02:05:40::SCWSystem::Completed Processing the domain standalone_microblaze_0
LOG::2024-09-18.02:05:40::SCWSystem::Completed Processing the sysconfig design_1_wrapper
LOG::2024-09-18.02:05:40::SCWPlatform::Completed generating the artifacts for system configuration design_1_wrapper
TRACE::2024-09-18.02:05:40::SCWPlatform::Started preparing the platform 
TRACE::2024-09-18.02:05:40::SCWSystem::Writing the bif file for system config design_1_wrapper
TRACE::2024-09-18.02:05:40::SCWSystem::dir created 
TRACE::2024-09-18.02:05:40::SCWSystem::Writing the bif 
TRACE::2024-09-18.02:05:40::SCWPlatform::Started writing the spfm file 
TRACE::2024-09-18.02:05:40::SCWPlatform::Started writing the xpfm file 
TRACE::2024-09-18.02:05:40::SCWPlatform::Completed generating the platform
TRACE::2024-09-18.02:05:40::SCWMssOS::Saving the mss changes E:/FPGA/github/FPGA/2_Microblaze_HelloWorld/vitis/design_1_wrapper/microblaze_0/standalone_microblaze_0/bsp/system.mss
TRACE::2024-09-18.02:05:40::SCWMssOS::Found a swdesign opened with the mssfile.
TRACE::2024-09-18.02:05:40::SCWMssOS::Completed writemss as part of save.
TRACE::2024-09-18.02:05:40::SCWMssOS::Commit changes completed.
TRACE::2024-09-18.02:05:40::SCWPlatform::Trying to open the hw design at E:/FPGA/github/FPGA/2_Microblaze_HelloWorld/vitis/design_1_wrapper/hw/design_1_wrapper.xsa
TRACE::2024-09-18.02:05:40::SCWPlatform::DSA given E:/FPGA/github/FPGA/2_Microblaze_HelloWorld/vitis/design_1_wrapper/hw/design_1_wrapper.xsa
TRACE::2024-09-18.02:05:40::SCWPlatform::DSA absoulate path E:/FPGA/github/FPGA/2_Microblaze_HelloWorld/vitis/design_1_wrapper/hw/design_1_wrapper.xsa
TRACE::2024-09-18.02:05:40::SCWPlatform::DSA directory E:/FPGA/github/FPGA/2_Microblaze_HelloWorld/vitis/design_1_wrapper/hw
TRACE::2024-09-18.02:05:40::SCWPlatform:: Platform Path E:/FPGA/github/FPGA/2_Microblaze_HelloWorld/vitis/design_1_wrapper/hw/design_1_wrapper.xsa
TRACE::2024-09-18.02:05:40::SCWPlatform:: Unique name xilinx:arty-a7-100::0.0
TRACE::2024-09-18.02:05:40::SCWPlatform::Trying to set the existing hwdb with name design_1_wrapper_0
TRACE::2024-09-18.02:05:40::SCWPlatform::Opened existing hwdb design_1_wrapper_0
TRACE::2024-09-18.02:05:40::SCWPlatform::Found the Hw Db part of the input DSA
TRACE::2024-09-18.02:05:40::SCWMssOS::Checking the sw design at  E:/FPGA/github/FPGA/2_Microblaze_HelloWorld/vitis/design_1_wrapper/microblaze_0/standalone_microblaze_0/bsp/system.mss
TRACE::2024-09-18.02:05:40::SCWMssOS::DEBUG:  swdes dump  E:/FPGA/github/FPGA/2_Microblaze_HelloWorld/vitis/design_1_wrapper/microblaze_0/standalone_microblaze_0/bsp/system.mss|system||

TRACE::2024-09-18.02:05:40::SCWMssOS::Sw design exists and opened at  E:/FPGA/github/FPGA/2_Microblaze_HelloWorld/vitis/design_1_wrapper/microblaze_0/standalone_microblaze_0/bsp/system.mss
TRACE::2024-09-18.02:05:40::SCWPlatform::Trying to open the hw design at E:/FPGA/github/FPGA/2_Microblaze_HelloWorld/vitis/design_1_wrapper/hw/design_1_wrapper.xsa
TRACE::2024-09-18.02:05:40::SCWPlatform::DSA given E:/FPGA/github/FPGA/2_Microblaze_HelloWorld/vitis/design_1_wrapper/hw/design_1_wrapper.xsa
TRACE::2024-09-18.02:05:40::SCWPlatform::DSA absoulate path E:/FPGA/github/FPGA/2_Microblaze_HelloWorld/vitis/design_1_wrapper/hw/design_1_wrapper.xsa
TRACE::2024-09-18.02:05:40::SCWPlatform::DSA directory E:/FPGA/github/FPGA/2_Microblaze_HelloWorld/vitis/design_1_wrapper/hw
TRACE::2024-09-18.02:05:40::SCWPlatform:: Platform Path E:/FPGA/github/FPGA/2_Microblaze_HelloWorld/vitis/design_1_wrapper/hw/design_1_wrapper.xsa
TRACE::2024-09-18.02:05:40::SCWPlatform:: Unique name xilinx:arty-a7-100::0.0
TRACE::2024-09-18.02:05:40::SCWPlatform::Trying to set the existing hwdb with name design_1_wrapper_0
TRACE::2024-09-18.02:05:40::SCWPlatform::Opened existing hwdb design_1_wrapper_0
TRACE::2024-09-18.02:05:40::SCWPlatform::Found the Hw Db part of the input DSA
TRACE::2024-09-18.02:05:40::SCWMssOS::Checking the sw design at  E:/FPGA/github/FPGA/2_Microblaze_HelloWorld/vitis/design_1_wrapper/microblaze_0/standalone_microblaze_0/bsp/system.mss
TRACE::2024-09-18.02:05:40::SCWMssOS::DEBUG:  swdes dump  E:/FPGA/github/FPGA/2_Microblaze_HelloWorld/vitis/design_1_wrapper/microblaze_0/standalone_microblaze_0/bsp/system.mss|system||

TRACE::2024-09-18.02:05:40::SCWMssOS::Sw design exists and opened at  E:/FPGA/github/FPGA/2_Microblaze_HelloWorld/vitis/design_1_wrapper/microblaze_0/standalone_microblaze_0/bsp/system.mss
TRACE::2024-09-18.02:05:40::SCWPlatform::Trying to open the hw design at E:/FPGA/github/FPGA/2_Microblaze_HelloWorld/vitis/design_1_wrapper/hw/design_1_wrapper.xsa
TRACE::2024-09-18.02:05:40::SCWPlatform::DSA given E:/FPGA/github/FPGA/2_Microblaze_HelloWorld/vitis/design_1_wrapper/hw/design_1_wrapper.xsa
TRACE::2024-09-18.02:05:40::SCWPlatform::DSA absoulate path E:/FPGA/github/FPGA/2_Microblaze_HelloWorld/vitis/design_1_wrapper/hw/design_1_wrapper.xsa
TRACE::2024-09-18.02:05:40::SCWPlatform::DSA directory E:/FPGA/github/FPGA/2_Microblaze_HelloWorld/vitis/design_1_wrapper/hw
TRACE::2024-09-18.02:05:40::SCWPlatform:: Platform Path E:/FPGA/github/FPGA/2_Microblaze_HelloWorld/vitis/design_1_wrapper/hw/design_1_wrapper.xsa
TRACE::2024-09-18.02:05:40::SCWPlatform:: Unique name xilinx:arty-a7-100::0.0
TRACE::2024-09-18.02:05:40::SCWPlatform::Trying to set the existing hwdb with name design_1_wrapper_0
TRACE::2024-09-18.02:05:40::SCWPlatform::Opened existing hwdb design_1_wrapper_0
TRACE::2024-09-18.02:05:40::SCWPlatform::Found the Hw Db part of the input DSA
TRACE::2024-09-18.02:05:40::SCWMssOS::Checking the sw design at  E:/FPGA/github/FPGA/2_Microblaze_HelloWorld/vitis/design_1_wrapper/microblaze_0/standalone_microblaze_0/bsp/system.mss
TRACE::2024-09-18.02:05:40::SCWMssOS::DEBUG:  swdes dump  E:/FPGA/github/FPGA/2_Microblaze_HelloWorld/vitis/design_1_wrapper/microblaze_0/standalone_microblaze_0/bsp/system.mss|system||

TRACE::2024-09-18.02:05:40::SCWMssOS::Sw design exists and opened at  E:/FPGA/github/FPGA/2_Microblaze_HelloWorld/vitis/design_1_wrapper/microblaze_0/standalone_microblaze_0/bsp/system.mss
TRACE::2024-09-18.02:05:40::SCWWriter::formatted JSON is {
	"platformName":	"design_1_wrapper",
	"sprVersion":	"2.0",
	"mode":	"gui",
	"dsaType":	"Fixed",
	"platformDesc":	"design_1_wrapper",
	"platHandOff":	"E:/FPGA/github/FPGA/2_Microblaze_HelloWorld/design_1_wrapper.xsa",
	"platIntHandOff":	"<platformDir>/hw/design_1_wrapper.xsa",
	"deviceType":	"FPGA",
	"platIsPrebuiltAutogen":	"false",
	"platIsNoBootBsp":	"false",
	"hasFsblMakeHasChanges":	"false",
	"hasPmufwMakeHasChanges":	"false",
	"platPreBuiltFlag":	false,
	"platformSamplesDir":	"",
	"platActiveSys":	"design_1_wrapper",
	"systems":	[{
			"systemName":	"design_1_wrapper",
			"systemDesc":	"design_1_wrapper",
			"sysIsBootAutoGen":	"true",
			"systemDispName":	"design_1_wrapper",
			"sysActiveDom":	"standalone_microblaze_0",
			"sysDefaultDom":	"standalone_microblaze_0",
			"domains":	[{
					"domainName":	"standalone_microblaze_0",
					"domainDispName":	"standalone_microblaze_0",
					"domainDesc":	"standalone_microblaze_0",
					"processors":	"microblaze_0",
					"os":	"standalone",
					"sdxOs":	"standalone",
					"debugEnable":	"False",
					"domRuntimes":	["cpp"],
					"swRepo":	"",
					"mssOsVer":	"7.7",
					"mssFile":	"",
					"md5Digest":	"176be54d9565534856efdda7089aaa80",
					"compatibleApp":	"hello_world",
					"domType":	"mssDomain",
					"arch":	"32-bit",
					"appSettings":	{
						"appCompilerFlags":	"",
						"appLinkerFlags":	""
					},
					"addedLibs":	[],
					"libOptions":	{
						"libsContainingOptions":	[]
					},
					"prebuiltLibs":	{
						"prebuiltIncPath":	[],
						"prebuiltLibPath":	[]
					},
					"isolation":	{
					}
				}]
		}]
}
KEYINFO::2024-09-18.02:05:40::SCWPlatform::updated the xpfm file.
TRACE::2024-09-18.02:05:41::SCWPlatform::Trying to open the hw design at E:/FPGA/github/FPGA/2_Microblaze_HelloWorld/vitis/design_1_wrapper/hw/design_1_wrapper.xsa
TRACE::2024-09-18.02:05:41::SCWPlatform::DSA given E:/FPGA/github/FPGA/2_Microblaze_HelloWorld/vitis/design_1_wrapper/hw/design_1_wrapper.xsa
TRACE::2024-09-18.02:05:41::SCWPlatform::DSA absoulate path E:/FPGA/github/FPGA/2_Microblaze_HelloWorld/vitis/design_1_wrapper/hw/design_1_wrapper.xsa
TRACE::2024-09-18.02:05:41::SCWPlatform::DSA directory E:/FPGA/github/FPGA/2_Microblaze_HelloWorld/vitis/design_1_wrapper/hw
TRACE::2024-09-18.02:05:41::SCWPlatform:: Platform Path E:/FPGA/github/FPGA/2_Microblaze_HelloWorld/vitis/design_1_wrapper/hw/design_1_wrapper.xsa
TRACE::2024-09-18.02:05:41::SCWPlatform:: Unique name xilinx:arty-a7-100::0.0
TRACE::2024-09-18.02:05:41::SCWPlatform::Trying to set the existing hwdb with name design_1_wrapper_0
TRACE::2024-09-18.02:05:41::SCWPlatform::Opened existing hwdb design_1_wrapper_0
TRACE::2024-09-18.02:05:41::SCWPlatform::Found the Hw Db part of the input DSA
TRACE::2024-09-18.02:05:41::SCWMssOS::Checking the sw design at  E:/FPGA/github/FPGA/2_Microblaze_HelloWorld/vitis/design_1_wrapper/microblaze_0/standalone_microblaze_0/bsp/system.mss
TRACE::2024-09-18.02:05:41::SCWMssOS::DEBUG:  swdes dump  E:/FPGA/github/FPGA/2_Microblaze_HelloWorld/vitis/design_1_wrapper/microblaze_0/standalone_microblaze_0/bsp/system.mss|system||

TRACE::2024-09-18.02:05:41::SCWMssOS::Sw design exists and opened at  E:/FPGA/github/FPGA/2_Microblaze_HelloWorld/vitis/design_1_wrapper/microblaze_0/standalone_microblaze_0/bsp/system.mss
